Mar 14 08:49 : exception: Failed to open '/home/rustam/.mpd/mpdstate': No such file or directory
Mar 14 08:49 : update: added The End Of Silence/The End Of Silence - Осколки любви.mp3
Mar 14 08:49 : update: added The End Of Silence/The End Of Silence - Мой мир (Single 2013).mp3
Mar 14 08:49 : update: added The End Of Silence/The End Of Silence - 01. Сделай шаг [EP 2013].mp3
Mar 14 08:49 : update: added The End Of Silence/The End Of Silence - 02. Ложь  [EP 2013].mp3
Mar 14 08:49 : update: added Doroga Vodana/Doroga Vodana - Jo - Ho.mp3
Mar 14 08:49 : update: added Doroga Vodana/Doroga Vodana - Ballada O Prostom Chelovecheskom Schast'e.mp3
Mar 14 08:49 : update: added Doroga Vodana/Doroga Vodana - Pesnja Zhakerii.mp3
Mar 14 08:49 : update: added Doroga Vodana/Doroga Vodana - Pesnja Mraka.mp3
Mar 14 08:49 : update: added Doroga Vodana/Doroga Vodana - Strashnaja skazka.mp3
Mar 14 08:49 : update: added Doroga Vodana/Doroga Vodana - Deva ozera.mp3
Mar 14 08:49 : update: added Doroga Vodana/Doroga Vodana - Teatr.mp3
Mar 14 08:49 : update: added Doroga Vodana/Doroga Vodana - Doroga na jeshafot.mp3
Mar 14 08:49 : update: added Doroga Vodana/Doroga Vodana - Tropami mertvyh.mp3
Mar 14 08:49 : update: added Doroga Vodana/Doroga Vodana - Tir-na-Nogt.mp3
Mar 14 08:49 : update: added Doroga Vodana/Doroga Vodana - Pesnja Dany.mp3
Mar 14 08:49 : update: added Doroga Vodana/Doroga Vodana - Ballada o Poslednem Paladine.mp3
Mar 14 08:49 : update: added Doroga Vodana/Дорога Водана - Чёрный камень.mp3
Mar 14 08:49 : update: added Doroga Vodana/Дорога Водана - Между Стрел Дождя.mp3
Mar 14 08:49 : update: added Doroga Vodana/Doroga Vodana - Ty Vspomni Obo Mne.mp3
Mar 14 08:49 : update: added Doroga Vodana/Дорога Водана - Властелин Лесной.mp3
Mar 14 08:49 : update: added Doroga Vodana/Doroga Vodana - Beglec.mp3
Mar 14 08:49 : update: added Doroga Vodana/Doroga Vodana - Vozvrashhajas' domoj.mp3
Mar 14 08:49 : update: added Doroga Vodana/Doroga Vodana - Starina.mp3
Mar 14 08:49 : update: added Doroga Vodana/Doroga Vodana - Penie Reki.mp3
Mar 14 08:49 : update: added Doroga Vodana/Doroga Vodana - Reka.mp3
Mar 14 08:49 : update: added Doroga Vodana/Doroga Vodana - Sny.mp3
Mar 14 08:49 : update: added Doroga Vodana/Doroga Vodana - Proshhal'naja ballada.mp3
Mar 14 08:49 : update: added Doroga Vodana/Дорога Водана - Сквозь огонь.mp3
Mar 14 08:49 : update: added BigRussianBoss/Big Russian Boss feat. Zest - Воскрес (feat. Zest).mp3
Mar 14 08:49 : update: added BigRussianBoss/Big Russian Boss feat. WLVS, Zest - Рокстар (feat. WLVS - Zest).mp3
Mar 14 08:49 : update: added BigRussianBoss/Big Russian Boss x Young P-H - Звезды [Prod. Zest].mp3
Mar 14 08:49 : update: added BigRussianBoss/Big Russian Boss feat. Young P-H - Должен (feat. Young P-H).mp3
Mar 14 08:49 : update: added Роцк/Twenty One Pilots/Twenty One Pilots - Ride.mp3
Mar 14 08:49 : update: added Роцк/Twenty One Pilots/Twenty One Pilots - Stressed Out.mp3
Mar 14 08:49 : update: added Роцк/Scarlett Johansson - Beck Bennett - I Don't Wanna( OST Зверопой - Путь к славе ) .mp3
Mar 14 08:49 : update: added Роцк/Demons and Wizards/Demons And Wizards - Terror Train.mp3
Mar 14 08:49 : update: added Роцк/Demons and Wizards/Demons and Wizards - Crimson King.mp3
Mar 14 08:49 : update: added Роцк/Mjød/Mjød - Гибель Богов.mp3
Mar 14 08:49 : update: added Роцк/Mjød/Mjød - Песнь Войны.mp3
Mar 14 08:49 : update: added Роцк/Mjød/Mjød - Чертоги Диких Вод.mp3
Mar 14 08:49 : update: added Роцк/Mjød/Mjød - Славься, Один! (Remastered).mp3
Mar 14 08:49 : update: added Роцк/Mjød/Mjød - Зов Из Прошлого.mp3
Mar 14 08:49 : update: added Роцк/Mjød/Mjød - Выживший.mp3
Mar 14 08:49 : update: added Роцк/Mjød/Mjød - Пепел Времён.mp3
Mar 14 08:49 : update: added Роцк/Mjød/Mjød - Напиток Огнебородого Аса.mp3
Mar 14 08:49 : update: added Роцк/Mjød/Mjød - Воитель (Remastered).mp3
Mar 14 08:49 : update: added Роцк/Mjød/Mjød - Пир Троллей.mp3
Mar 14 08:49 : update: added Роцк/Mjød/Mjød - Обитель Усопших.mp3
Mar 14 08:49 : update: added Роцк/Mjød/Mjød - Воитель.mp3
Mar 14 08:49 : update: added Роцк/In Extremo/in extremo berlin.mp3
Mar 14 08:49 : update: added Роцк/In Extremo/in extremo spielmannsfluch.mp3
Mar 14 08:49 : update: added Роцк/In Extremo/in extremo spielmanns wiederkehr.mp3
Mar 14 08:49 : update: added Роцк/In Extremo/in extremo zigeunerskat.mp3
Mar 14 08:49 : update: added Роцк/In Extremo/in extremo pavane.mp3
Mar 14 08:49 : update: added Роцк/In Extremo/in extremo requiem.mp3
Mar 14 08:49 : update: added Роцк/In Extremo/in extremo flaschenpost.mp3
Mar 14 08:49 : update: added Роцк/In Extremo/in extremo der rattenfänger.mp3
Mar 14 08:49 : update: added Роцк/In Extremo/in extremo raue see.mp3
Mar 14 08:49 : update: added Роцк/In Extremo/in extremo poc vecem.mp3
Mar 14 08:49 : update: added Роцк/In Extremo/in extremo wind.mp3
Mar 14 08:49 : update: added Роцк/In Extremo/in extremo herr mannelig.mp3
Mar 14 08:49 : update: added Роцк/In Extremo/in extremo stalker.mp3
Mar 14 08:49 : update: added Роцк/In Extremo/in extremo óskasteinar.mp3
Mar 14 08:49 : update: added Роцк/In Extremo/in extremo feuertaufe.mp3
Mar 14 08:49 : update: added Роцк/In Extremo/in extremo stetit puella.mp3
Mar 14 08:49 : update: added Роцк/In Extremo/in extremo küss mich.mp3
Mar 14 08:49 : update: added Роцк/In Extremo/in extremo sängerkrieg.mp3
Mar 14 08:49 : update: added Роцк/In Extremo/in extremo königin.mp3
Mar 14 08:49 : update: added Роцк/In Extremo/in extremo krummavisur.mp3
Mar 14 08:49 : update: added Роцк/In Extremo/in extremo vollmond.mp3
Mar 14 08:49 : update: added Роцк/In Extremo/in extremo unsichtbar.mp3
Mar 14 08:49 : update: added Роцк/In Extremo/in extremo gaukler.mp3
Mar 14 08:49 : update: added Роцк/In Extremo/in extremo nymphenzeit.mp3
Mar 14 08:49 : update: added Роцк/In Extremo/in extremo in extremo.mp3
Mar 14 08:49 : update: added Роцк/Фантом - Падший ангел.mp3
Mar 14 08:49 : update: added Роцк/Manowar - Warriors Of The World United.mp3
Mar 14 08:49 : update: added Роцк/Rhapsody of Fire/Rhapsody Of Fire - Emerald Sword.mp3
Mar 14 08:49 : update: added Роцк/Rhapsody of Fire/Rhapsody of Fire - Flames Of Revenge.mp3
Mar 14 08:49 : update: added Роцк/Rhapsody of Fire/Rhapsody Of Fire - The Pride Of The Tyrant.mp3
Mar 14 08:49 : update: added Роцк/Panic at the Disco/panic at the disco victorious death of a bachelor 2016.mp3
Mar 14 08:49 : update: added Роцк/Panic at the Disco/panic at the disco emperor's new clothes death of a bachelor.mp3
Mar 14 08:49 : update: added Роцк/Zmey Gorynich/Zmey Gorynich - Айнанэ.mp3
Mar 14 08:49 : update: added Роцк/Zmey Gorynich/ZMEY GORYNICH  - Ой, Лёли-Лёли .mp3
Mar 14 08:49 : update: added Роцк/Zmey Gorynich/Zmey Gorynich - Морозобой.mp3
Mar 14 08:49 : update: added Роцк/Zmey Gorynich/Zmey Gorynich - Борода.mp3
Mar 14 08:49 : update: added Роцк/Zmey Gorynich/Zmey Gorynich - Медвепляс.mp3
Mar 14 08:49 : update: added Роцк/Nonpoint/Nonpoint - Breaking Skin.mp3
Mar 14 08:49 : update: added Роцк/Nonpoint/Nonpoint - Left For You .mp3
Mar 14 08:49 : update: added Роцк/Nonpoint/Nonpoint - Everybody Down.mp3
Mar 14 08:49 : update: added Роцк/Nonpoint/Nonpoint - Miracle.mp3
Mar 14 08:49 : update: added Роцк/Nonpoint/Nonpoint - March Of War.mp3
Mar 14 08:49 : update: added Роцк/Nonpoint/Nonpoint - Bullet With A Name.mp3
Mar 14 08:49 : update: added Роцк/Nonpoint/Nonpoint - Circles.mp3
Mar 14 08:49 : update: added Роцк/Nonpoint/Nonpoint - Misery.mp3
Mar 14 08:49 : update: added Роцк/Rise of the Northstar/rise_of_the_northstar_-_the_awakening_(zaycev.net).mp3
Mar 14 08:49 : update: added Роцк/Rise of the Northstar/rise_of_the_northstar_-_furyo_s_day_(zaycev.net).mp3
Mar 14 08:49 : update: added Роцк/Rise of the Northstar/rise_of_the_northstar_-_the_new_path_(zaycev.net).mp3
Mar 14 08:49 : update: added Роцк/Rise of the Northstar/rise_of_the_northstar_-_all_for_one_(zaycev.net).mp3
Mar 14 08:49 : update: added Роцк/Rise of the Northstar/rise_of_the_northstar_-_cold_truth_(zaycev.net).mp3
Mar 14 08:49 : update: added Роцк/Rise of the Northstar/rise_of_the_northstar_-_smash_your_demons_(zaycev.net).mp3
Mar 14 08:49 : update: added Роцк/Rise of the Northstar/rise_of_the_northstar_-_teenage_rage_(zaycev.net).mp3
Mar 14 08:49 : update: added Роцк/Rise of the Northstar/rise_of_the_northstar_-_here_comes_the_boom_(zaycev.net).mp3
Mar 14 08:49 : update: added Роцк/MANOWAR - Going To The Run. Golden Earring.mp3
Mar 14 08:49 : update: added Роцк/scorpions rock you like a hurricane.mp3
Mar 14 08:49 : update: added Роцк/Twenty One Pilots - Ride.mp3
Mar 14 08:49 : update: added Роцк/HMkids/HMKids - Трудно Быть Богом.mp3
Mar 14 08:49 : update: added Роцк/HMkids/HMKids - Тысяча Сынов.mp3
Mar 14 08:49 : update: added Роцк/HMkids/HMKids - Last Temple.mp3
Mar 14 08:49 : update: added Роцк/HMkids/HMKids - Искушение хаоса (Chaos Temptation).mp3
Mar 14 08:49 : update: added Роцк/HMkids/HMKids - Гори, Просперо.mp3
Mar 14 08:49 : update: added Роцк/Metallica - The Memory Remains.mp3
Mar 14 08:49 : update: added Роцк/NOFX - Cell Out.mp3
Mar 14 08:49 : update: added Роцк/Jimi Hendrix - All Along The Watchtower.mp3
Mar 14 08:49 : update: added Роцк/Haggard/Haggard - Chapter III- In a Pale Moon's Shadow.mp3
Mar 14 08:49 : update: added Роцк/Haggard/Haggard - Per Aspera Ad Astra.mp3
Mar 14 08:49 : update: added Роцк/Haggard/Haggard - Chapter V- The Hidden Sign.mp3
Mar 14 08:49 : update: added Роцк/Haggard/Haggard - Chapter I - Tales Of Ithiria.mp3
Mar 14 08:49 : update: added Роцк/Haggard/Haggard - Chapter II- The Final Victory.mp3
Mar 14 08:49 : update: added Роцк/Haggard/Haggard - Chapter IV- In A Fullmoon Procession.mp3
Mar 14 08:49 : update: added Роцк/Russkiy rok/Сектор Газа - Допился (OST Рок-н-рольщик).mp3
Mar 14 08:49 : update: added Роцк/Russkiy rok/Советские песни - И Вновь Продолжается Бой.mp3
Mar 14 08:49 : update: added Роцк/Russkiy rok/АрктидА - Моя Империя.mp3
Mar 14 08:49 : update: added Роцк/Russkiy rok/чёрный кофе это рок.mp3
Mar 14 08:49 : update: added Роцк/Russkiy rok/Агата Кристи  - Я на тебе, как на войне (320 kbps).mp3
Mar 14 08:49 : update: added Роцк/Russkiy rok/Колизей - Пилигрим.mp3
Mar 14 08:49 : update: added Роцк/Russkiy rok/агата кристи сказочная тайга.mp3
Mar 14 08:49 : update: added Роцк/Russkiy rok/Старуха Мха - Солдатами Света.mp3
Mar 14 08:49 : update: added Роцк/Russkiy rok/мельница дорога сна (1).mp3
Mar 14 08:49 : update: added Роцк/Russkiy rok/Год змеи/Год Змеи - Гарри Потер.mp3
Mar 14 08:49 : update: added Роцк/Russkiy rok/Год змеи/Год змеи - Бабочка.mp3
Mar 14 08:49 : update: added Роцк/Russkiy rok/Год змеи/год змеи пингвины.mp3
Mar 14 08:49 : update: added Роцк/Russkiy rok/Год змеи/год змеи иголочка.mp3
Mar 14 08:49 : update: added Роцк/Russkiy rok/Год змеи/год змеи там.mp3
Mar 14 08:49 : update: added Роцк/Russkiy rok/Год змеи/год змеи слова.mp3
Mar 14 08:49 : update: added Роцк/Russkiy rok/Год змеи/год змеи мерлин монро.mp3
Mar 14 08:49 : update: added Роцк/Russkiy rok/Год змеи/год змеи последняя.mp3
Mar 14 08:49 : update: added Роцк/Russkiy rok/Год змеи/год змеи осень.mp3
Mar 14 08:49 : update: added Роцк/Russkiy rok/Год змеи/год змеи отсчёт.mp3
Mar 14 08:49 : update: added Роцк/Russkiy rok/Год змеи/год змеи на.mp3
Mar 14 08:49 : update: added Роцк/Russkiy rok/Год змеи/год змеи по любому.mp3
Mar 14 08:49 : update: added Роцк/Russkiy rok/Год змеи/год змеи шторм.mp3
Mar 14 08:49 : update: added Роцк/Russkiy rok/Год змеи/год змеи романс.mp3
Mar 14 08:49 : update: added Роцк/Russkiy rok/Год змеи/год змеи 5ml.mp3
Mar 14 08:49 : update: added Роцк/Russkiy rok/Год змеи/Год Змеи - Тринадцатый патрон.mp3
Mar 14 08:49 : update: added Роцк/Russkiy rok/Год змеи/Год Змеи - Счастье.mp3
Mar 14 08:49 : update: added Роцк/Russkiy rok/Год змеи/год змеи на всех.mp3
Mar 14 08:49 : update: added Роцк/Russkiy rok/Год змеи/Год Змеи - Змеелов (2011) - Прости.mp3
Mar 14 08:49 : update: added Роцк/Russkiy rok/Год змеи/Год Змеи - 2000 Баксов.mp3
Mar 14 08:49 : update: added Роцк/Russkiy rok/Год змеи/год змеи я знаю.mp3
Mar 14 08:49 : update: added Роцк/Russkiy rok/Год змеи/год змеи гудвин.mp3
Mar 14 08:49 : update: added Роцк/Russkiy rok/Год змеи/Год Змеи - Кабель и сука.mp3
Mar 14 08:49 : update: added Роцк/Russkiy rok/Год змеи/Год Змеи - 10 Дней.mp3
Mar 14 08:49 : update: added Роцк/Russkiy rok/Год змеи/год змеи один дома.mp3
Mar 14 08:49 : update: added Роцк/Russkiy rok/ДДТ/ддт метель.mp3
Mar 14 08:49 : update: added Роцк/Russkiy rok/ДДТ/DDT - Песня о свободе.mp3
Mar 14 08:49 : update: added Роцк/Russkiy rok/АлисА/АлисА (К. Кинчев) - Аэробика.mp3
Mar 14 08:49 : update: added Роцк/Russkiy rok/АлисА/Группа АлисА - Небо славян.mp3
Mar 14 08:49 : update: added Роцк/Russkiy rok/АлисА/АлисА - Изгой.mp3
Mar 14 08:49 : update: added Роцк/Russkiy rok/7Б/7B - Нашла коса на камень.mp3
Mar 14 08:49 : update: added Роцк/Russkiy rok/7Б/7б 347 ой the best 2006.mp3
Mar 14 08:49 : update: added Роцк/Russkiy rok/7Б/7б мама отражатель 2005.mp3
Mar 14 08:49 : update: added Роцк/Russkiy rok/7Б/7б 41 й фашист 41 й фашист 2016.mp3
Mar 14 08:49 : update: added Роцк/Russkiy rok/7Б/7б кино молодые ветра 2001.mp3
Mar 14 08:49 : update: added Роцк/Russkiy rok/7Б/7б последний герой молодые ветра переиздание 2002.mp3
Mar 14 08:49 : update: added Роцк/Russkiy rok/7Б/7б знаю будет молодые ветра 2001.mp3
Mar 14 08:49 : update: added Роцк/Russkiy rok/7Б/7б полковник олимпия 2011.mp3
Mar 14 08:49 : update: added Роцк/Russkiy rok/7Б/7б помоги мне олимпия 2011.mp3
Mar 14 08:49 : update: added Роцк/Russkiy rok/7Б/7б не герой отражатель 2005.mp3
Mar 14 08:49 : update: added Роцк/Russkiy rok/Пилигрим - Битва.mp3
Mar 14 08:49 : update: added Роцк/Russkiy rok/Ария/Ария - Машина Смерти (Штиль MC 2002).mp3
Mar 14 08:49 : update: added Роцк/Russkiy rok/Ария/АРИЯ - Я Не Сошёл С Ума (-Химера-lp Мирумир 2013).mp3
Mar 14 08:49 : update: added Роцк/Russkiy rok/Ария/ария обман.mp3
Mar 14 08:49 : update: added Роцк/Russkiy rok/Сектор газа - Лирика (сигарета мелькает во тьме).mp3
Mar 14 08:49 : update: added Роцк/Russkiy rok/ПИЛИГРИМ - Слава России!.mp3
Mar 14 08:49 : update: added Роцк/Russkiy rok/ГрОб/Гражданская Оборона - Невыносимая Легкость Бытия.mp3
Mar 14 08:49 : update: added Роцк/Russkiy rok/ГрОб/Гражданская оборона - Винтовка - это праздник.mp3
Mar 14 08:49 : update: added Роцк/Russkiy rok/ГрОб/Гражданская Оборона - Моя оборона.mp3
Mar 14 08:49 : update: added Роцк/Russkiy rok/ГрОб/Гражданская Оборона - Всё как у людей.mp3
Mar 14 08:49 : update: added Роцк/Russkiy rok/ГрОб/Гражданская Оборона - Все идет по плану (live).mp3
Mar 14 08:49 : update: added Роцк/Russkiy rok/ГрОб/Гражданская Оборона - Целуйте бабы рельсы.mp3
Mar 14 08:49 : update: added Роцк/Russkiy rok/ГрОб/Гражданская Оборона - Солнцеворот.mp3
Mar 14 08:49 : update: added Роцк/Russkiy rok/КиШ/король и шут лесник (1).mp3
Mar 14 08:49 : update: added Роцк/Russkiy rok/КиШ/Король и Шут (КиШ) - Проклятый старый дом.mp3
Mar 14 08:49 : update: added Роцк/Russkiy rok/КиШ/Король и Шут (КиШ) - Прыгну со скалы (Оригинал).mp3
Mar 14 08:49 : update: added Роцк/Russkiy rok/КиШ/король и шут мёртвый анархист.mp3
Mar 14 08:49 : update: added Роцк/Стимфония/stimfoniya_-_budapesht_-_bukharest_(zaycev.net).mp3
Mar 14 08:49 : update: added Роцк/Стимфония/stimfoniya_-_v_pustote_(zaycev.net).mp3
Mar 14 08:49 : update: added Роцк/Стимфония/stimfoniya_-_zubnye_fei_(zaycev.net).mp3
Mar 14 08:49 : update: added Роцк/Стимфония/stimfoniya_-_tayna_(zaycev.net).mp3
Mar 14 08:49 : update: added Роцк/Стимфония/stimfoniya_-_rasstrelyat_(zaycev.net).mp3
Mar 14 08:49 : update: added Роцк/Стимфония/stimfoniya_-_ty_ne_dzheday_(zaycev.net).mp3
Mar 14 08:49 : update: added Роцк/Стимфония/stimfoniya_-_nebo_(zaycev.net).mp3
Mar 14 08:49 : update: added Роцк/Стимфония/stimfoniya_-_okhota_na_vedm_(zaycev.net).mp3
Mar 14 08:49 : update: added Роцк/DevilDriver - Devil’s Son.mp3
Mar 14 08:49 : update: added Роцк/AURA - Полюшко-поле.mp3
Mar 14 08:49 : update: added Роцк/Butterfly Temple - Песнь Вольных Ветров.mp3
Mar 14 08:49 : update: added Роцк/СатанаКозёл - Баня.mp3
Mar 14 08:49 : update: added Роцк/Billy Talent/Billy Talent - Red Flag.mp3
Mar 14 08:49 : update: added Роцк/Billy Talent/Billy Talent - Viking Death March.mp3
Mar 14 08:49 : update: added Роцк/ASP/ASP - Duett (Das Minnellied der Incubi).mp3
Mar 14 08:49 : update: added Роцк/ASP/asp spiegel.mp3
Mar 14 08:49 : update: added Роцк/ASP/ASP - Krabat.mp3
Mar 14 08:49 : update: added Роцк/Avenged Sevenfold - Welcome to the Family.mp3
Mar 14 08:49 : update: added Роцк/Brocas Helm/Brocas Helm - Cry of the Banshee.mp3
Mar 14 08:49 : update: added Роцк/Brocas Helm/Brocas Helm - Into Battle.mp3
Mar 14 08:49 : update: added Роцк/Бездна Анального Угнетения/Бездна Анального Угнетения – Церковь Свидетелей Путина.mp3
Mar 14 08:49 : update: added Роцк/Бездна Анального Угнетения/Бездна Анального Угнетения - Чёрный Толчок Смерти (2014).mp3
Mar 14 08:49 : update: added Роцк/Бездна Анального Угнетения/Бездна Анального Угнетения - Голос Овощей.mp3
Mar 14 08:49 : update: added Роцк/Primal Fear/Primal Fear - Red Rain.mp3
Mar 14 08:49 : update: added Роцк/Primal Fear/Primal Fear - Six Times Dead (16.6).mp3
Mar 14 08:49 : update: added Роцк/Yogscast - Diggy Diggy Hole.mp3
Mar 14 08:49 : update: added Роцк/Eluveitie - The Call of the Mountains.mp3
Mar 14 08:49 : update: added Роцк/Children Of Bodom - Living Dead Beat.mp3
Mar 14 08:49 : update: added Роцк/Чёрный обелиск/чёрный обелиск троянский конь.mp3
Mar 14 08:49 : update: added Роцк/Чёрный обелиск/чёрный обелиск война.mp3
Mar 14 08:49 : update: added Роцк/Чёрный обелиск/чёрный обелиск рок стар.mp3
Mar 14 08:49 : update: added Роцк/Чёрный обелиск/чёрный обелиск мой мир.mp3
Mar 14 08:49 : update: added Роцк/Чёрный обелиск/чёрный обелиск пельменная.mp3
Mar 14 08:49 : update: added Роцк/Чёрный обелиск/чёрный обелиск я остаюсь.mp3
Mar 14 08:49 : update: added Роцк/Чёрный обелиск/чёрный обелиск полночь.mp3
Mar 14 08:49 : update: added Роцк/Чёрный обелиск/чёрный обелиск мы в пути.mp3
Mar 14 08:49 : update: added Роцк/Чёрный обелиск/чёрный обелиск убей их всех.mp3
Mar 14 08:49 : update: added Роцк/Чёрный обелиск/чёрный обелиск стой и смотри.mp3
Mar 14 08:49 : update: added Роцк/Чёрный обелиск/чёрный обелиск ветры и туманы.mp3
Mar 14 08:49 : update: added Роцк/Чёрный обелиск/чёрный обелиск стена.mp3
Mar 14 08:49 : update: added Роцк/Чёрный обелиск/чёрный обелиск женщина в черном.mp3
Mar 14 08:49 : update: added Роцк/Чёрный обелиск/чёрный обелиск аве цезарь.mp3
Mar 14 08:49 : update: added Роцк/Чёрный обелиск/чёрный обелиск меч.mp3
Mar 14 08:49 : update: added Роцк/Чёрный обелиск/чёрный обелиск марш революции.mp3
Mar 14 08:49 : update: added Роцк/Чёрный обелиск/чёрный обелиск под орлами двухголовыми.mp3
Mar 14 08:49 : update: added Роцк/Apocalypse Orchestra - The Garden of Earthly Delights.mp3
Mar 14 08:49 : update: added Роцк/Powerwolf/Powerwolf - Murder At Midnight.mp3
Mar 14 08:49 : update: added Роцк/Powerwolf/Powerwolf - Midnight Messiah.mp3
Mar 14 08:49 : update: added Роцк/Powerwolf/Powerwolf - Lucifer in Starlight (1).mp3
Mar 14 08:49 : update: added Роцк/Powerwolf/POWERWOLF - Nochnoi Dozor.mp3
Mar 14 08:49 : update: added Роцк/Powerwolf/Powerwolf - Lucifer in Starlight.mp3
Mar 14 08:49 : update: added Роцк/Powerwolf/Powerwolf - Sanctified with Dynamite.mp3
Mar 14 08:49 : update: added Роцк/Powerwolf/Powerwolf - Die, Die, Crucified.mp3
Mar 14 08:49 : update: added Роцк/Powerwolf/Powerwolf - Son of a wolf.mp3
Mar 14 08:49 : update: added Роцк/Powerwolf/Powerwolf - Amen - Attack.mp3
Mar 14 08:49 : update: added Роцк/Powerwolf/Powerwolf  - Extatum et Oratum.mp3
Mar 14 08:49 : update: added Роцк/Powerwolf/Powerwolf - Panic In The Pentagram.mp3
Mar 14 08:49 : update: added Роцк/Powerwolf/Powerwolf - Kreuzfeuer.mp3
Mar 14 08:49 : update: added Роцк/Powerwolf/Powerwolf - Vampires Don't Die.mp3
Mar 14 08:49 : update: added Роцк/Powerwolf/Powerwolf - 3. Army Of The Night.mp3
Mar 14 08:49 : update: added Роцк/Powerwolf/Powerwolf - We Drink Your Blood.mp3
Mar 14 08:49 : update: added Роцк/Powerwolf/Powerwolf - Raise Your Fist Evangelist.mp3
Mar 14 08:49 : update: added Роцк/Powerwolf/Powerwolf - Cardinal Sin.mp3
Mar 14 08:49 : update: added Роцк/Powerwolf/Powerwolf - Out In The Fields.mp3
Mar 14 08:49 : update: added Роцк/Powerwolf/Powerwolf - Dead Boys Don't Cry.mp3
Mar 14 08:49 : update: added Роцк/Dethklok/Metalocalypse- Dethklok - Detharmonic.mp3
Mar 14 08:49 : update: added Роцк/Dethklok/Dethklok - Face Fisted.mp3
Mar 14 08:49 : update: added Роцк/Dethklok/Dethklok - Awaken.mp3
Mar 14 08:49 : update: added Роцк/Dethklok/Metalocalypse- Dethklok - Hatredcopter.mp3
Mar 14 08:49 : update: added Роцк/Dethklok/Metalocalypse- Dethklok - The Lost Vikings.mp3
Mar 14 08:49 : update: added Роцк/Dethklok/Metalocalypse- Dethklok - Go Forth and Die.mp3
Mar 14 08:49 : update: added Роцк/Dethklok/Dethklok - Murmaider.mp3
Mar 14 08:49 : update: added Роцк/Dethklok/Metalocalypse- Dethklok - Castratikron.mp3
Mar 14 08:49 : update: added Роцк/Dethklok/Metalocalypse- Dethklok - Birthday Dethday.mp3
Mar 14 08:49 : update: added Роцк/Dethklok/Metalocalypse- Dethklok - Better Metal Snake.mp3
Mar 14 08:49 : update: added Роцк/Dethklok/Metalocalypse- Dethklok - Thunderhorse.mp3
Mar 14 08:49 : update: added Роцк/Dethklok/Metalocalypse- Dethklok - Go Into the Water.mp3
Mar 14 08:49 : update: added Роцк/Dethklok/Metalocalypse- Dethklok - Briefcase Full of Guts.mp3
Mar 14 08:49 : update: added Роцк/Audioslave - Your Time Has Come.mp3
Mar 14 08:49 : update: added Роцк/Running Wild - Pirate Song.mp3
Mar 14 08:49 : update: added Роцк/Yellowcard - Breathing (OST FlatOut 2).mp3
Mar 14 08:49 : update: added Роцк/Tyr/Tyr - Hall of Freedom.mp3
Mar 14 08:49 : update: added Роцк/Tyr/Tyr - Ride.mp3
Mar 14 08:49 : update: added Роцк/Канцлер Ги/Канцлер Ги - Король воздуха.mp3
Mar 14 08:49 : update: added Роцк/Канцлер Ги/Канцлер Ги - Дикая охота [].mp3
Mar 14 08:49 : update: added Роцк/Канцлер Ги/Канцлер Ги - Слёзы  и Кровь.mp3
Mar 14 08:49 : update: added Роцк/Канцлер Ги/Канцлер Ги - Чезаре Борджа.mp3
Mar 14 08:49 : update: added Роцк/Sabaton/Sabaton - The Art of War  .mp3
Mar 14 08:49 : update: added Роцк/Sabaton/Sabaton - Birds of War.mp3
Mar 14 08:49 : update: added Роцк/Sabaton/Sabaton - Cliffs Of Gallipoli.mp3
Mar 14 08:49 : update: added Роцк/Sabaton/Sabaton - Saboteurs.mp3
Mar 14 08:49 : update: added Роцк/Sabaton/Sabaton - Uprising.mp3
Mar 14 08:49 : update: added Роцк/Sabaton/Sabaton - Panzerkampf.mp3
Mar 14 08:49 : update: added Роцк/Sabaton/Sabaton - Counterstrike.mp3
Mar 14 08:49 : update: added Роцк/Sabaton/Sabaton - Poltava.mp3
Mar 14 08:49 : update: added Роцк/Sabaton/Sabaton - Resist And Bite.mp3
Mar 14 08:49 : update: added Роцк/Sabaton/Sabaton - Metal Ripper.mp3
Mar 14 08:49 : update: added Роцк/Sabaton/Sabaton - Gott Mit Uns.mp3
Mar 14 08:49 : update: added Роцк/Sabaton/Sabaton - Shiroyama (The Last Stand).mp3
Mar 14 08:49 : update: added Роцк/Sabaton/Sabaton - Night Witches.mp3
Mar 14 08:49 : update: added Роцк/Sabaton/Sabaton - Glorious Land.mp3
Mar 14 08:49 : update: added Роцк/Sabaton/Sabaton - 40-1.mp3
Mar 14 08:49 : update: added Роцк/Северный флот/Северный Флот - Старыи Крысолов.mp3
Mar 14 08:49 : update: added Роцк/Северный флот/Северный Флот - Все Внутри.mp3
Mar 14 08:49 : update: added Роцк/Северный флот/Северный Флот - Вперед и Вверх.mp3
Mar 14 08:49 : update: added Роцк/Северный флот/Северный Флот - Рожденныи Убивать.mp3
Mar 14 08:49 : update: added Роцк/Северный флот/СЕВЕРНЫЙ ФЛОТ - Каждую ночь.mp3
Mar 14 08:49 : update: added Роцк/Северный флот/СЕВЕРНЫЙ ФЛОТ - Последний человек на Земле.mp3
Mar 14 08:49 : update: added Роцк/Северный флот/Северный Флот - Надвигается Северныи Флот.mp3
Mar 14 08:49 : update: added Роцк/Русский Стяг – Ойся, ты ойся.mp3
Mar 14 08:49 : update: added /Caravan Palace - Lone Digger.mp3
Mar 14 08:49 : update: added Siddhartha Barnhoorn/Siddhartha Barnhoorn - Beginnings II (Antichamber OST).mp3
Mar 14 08:49 : update: added Siddhartha Barnhoorn/Siddhartha Barnhoorn - Antichamber Suite II (Antichamber OST).mp3
Mar 14 08:49 : update: added Siddhartha Barnhoorn/Siddhartha Barnhoorn - The Garden (Antichamber OST).mp3
Mar 14 08:49 : update: added Siddhartha Barnhoorn/Siddhartha Barnhoorn - Beginnings I (Antichamber OST).mp3
Mar 14 08:49 : update: added ДляДачи/Eto vam ne azino - Kak kormit  щegla_.mp3
Mar 14 08:49 : update: added ДляДачи/WEEZING - че пацаны, аниме.mp3
Mar 14 08:49 : update: added ДляДачи/Roadman Shaq - MANS NOT HOT.mp3
Mar 14 08:49 : update: added ДляДачи/Игумен Пётр - Молиться, поститься и слушать радио Радонеж.mp3
Mar 14 08:49 : update: added ДляДачи/Stalker - Дую пиво евридей.mp3
Mar 14 08:49 : update: added ДляДачи/Mc Dimanche - Шашлычок (FlynnFlyTaggart).mp3
Mar 14 08:49 : update: added ДляДачи/Боевой гном - мой братан боец спецназа!.mp3
Mar 14 08:49 : update: added ДляДачи/NRKTK - Babka.mp3
Mar 14 08:49 : update: added ДляДачи/Roadman Shaq - Mans Not Hot (1).mp3
Mar 14 08:49 : update: added ДляДачи/Mixed by JuBaoJu - Чокнутые старцы.mp3
Mar 14 08:49 : update: added ДляДачи/Инструкция по выживанию - Дядя Путин.mp3
Mar 14 08:49 : update: added Skolot/Skolot - Mokosh'.mp3
Mar 14 08:49 : update: added Skolot/Skolot - Pir.mp3
Mar 14 08:49 : update: added Skolot/Skolot - Vesna.mp3
Mar 14 08:49 : update: added Skolot/Skolot - Drakkar.mp3
Mar 14 08:49 : update: added Skolot/Skolot - Druzhina.mp3
Mar 14 08:49 : update: added Skolot/Skolot - Berserk.mp3
Mar 14 08:49 : update: added Skolot/Skolot - Zvezda.mp3
Mar 14 08:49 : update: added Волколак/волколак–ворон,_волк_и_сокол.mp3
Mar 14 08:49 : update: added Волколак/волколак–среди_псов.mp3
Mar 14 08:49 : update: added Волколак/волколак–купалы_ярость.mp3
Mar 14 08:49 : update: added Волколак/волколак–славен_героев_путь_в_вальхаллу.mp3
Mar 14 08:49 : update: added Научно-технический рэп/Научно-технический рэп - Сила.mp3
Mar 14 08:49 : update: added Научно-технический рэп/Научно-технический рэп - Это мат.анализ!.mp3
Mar 14 08:49 : update: added Научно-технический рэп/Научно-технический рэп - Предел.mp3
Mar 14 08:49 : update: added Научно-технический рэп/Научно-технический рэп - Определенный интеграл.mp3
Mar 14 08:49 : update: added Научно-технический рэп/Научно-технический рэп - Сумма бесконечно убывающей геометрической прогрессии.mp3
Mar 14 08:49 : update: added Научно-технический рэп/Научно-технический рэп - Производная.mp3
Mar 14 08:49 : update: added Научно-технический рэп/Научно-технический рэп - Лемма Ферма.mp3
Mar 14 08:49 : update: added Не будите спящих/Научно-технический рэп/Научно-технический рэп - Сила.mp3
Mar 14 08:49 : update: added Не будите спящих/Научно-технический рэп/Научно-технический рэп - Это мат.анализ!.mp3
Mar 14 08:49 : update: added Не будите спящих/Научно-технический рэп/Научно-технический рэп - Предел.mp3
Mar 14 08:49 : update: added Не будите спящих/Научно-технический рэп/Научно-технический рэп - Определенный интеграл.mp3
Mar 14 08:49 : update: added Не будите спящих/Научно-технический рэп/Научно-технический рэп - Сумма бесконечно убывающей геометрической прогрессии.mp3
Mar 14 08:49 : update: added Не будите спящих/Научно-технический рэп/Научно-технический рэп - Производная.mp3
Mar 14 08:49 : update: added Не будите спящих/Научно-технический рэп/Научно-технический рэп - Лемма Ферма.mp3
Mar 14 08:49 : update: added Не будите спящих/Не Будите Спящих - Мы будем верить и ждать.mp3
Mar 14 08:49 : update: added Не будите спящих/Не будите спящих feat.Вертикаль - Время.mp3
Mar 14 08:49 : update: added Не будите спящих/Не будите спящих - Не жалей (ft. 10ый Этаж) (Rap-info.Com).mp3
Mar 14 08:49 : update: added /Kalwi And Remi - Explosion.mp3
Mar 14 08:49 : update: added Трофим/Трофим - Дембельская.mp3
Mar 14 08:49 : update: added Трофим/Трофим - Я привык улыбаться людям.mp3
Mar 14 08:49 : update: added The Serious Men/the_serious_men–пропитаны_пылью_-_single.mp3
Mar 14 08:49 : update: added The Serious Men/the_serious_men–на_протяжении.mp3
Mar 14 08:49 : update: added The Serious Men/the_serious_men–праздник_жизни.mp3
Mar 14 08:49 : update: added The Serious Men/the_serious_men–непонимание.mp3
Mar 14 08:49 : update: added /Poets of the Fall - Carnival of Rust.mp3
Mar 14 08:49 : update: added Jepidemija/эпидемия–07_-_вечный_воитель.mp3
Mar 14 08:49 : update: added Jepidemija/Jepidemija - Rozhdennyj dlja bitvy.mp3
Mar 14 08:49 : update: added Jepidemija/Jepidemija - Chjornyj kuznec.mp3
Mar 14 08:49 : update: added Jepidemija/Jepidemija - Na Poroge Ada.mp3
Mar 14 08:49 : update: added Jepidemija/Jepidemija - Feonor.mp3
Mar 14 08:49 : update: added /камерный_хор_«вера»–братья.mp3
Mar 14 08:49 : update: added Кукрыниксы/Кукрыниксы - Этот белый свет.mp3
Mar 14 08:49 : update: added Кукрыниксы/Кукрыниксы - Дорогая (C. Есенин).mp3
Mar 14 08:49 : update: added Кукрыниксы/Кукрыниксы - Страхи.mp3
Mar 14 08:49 : update: added Кукрыниксы/Кукрыниксы (2015) - Надежда.mp3
Mar 14 08:49 : update: added Кукрыниксы/Кукрыниксы - Черный ворон.mp3
Mar 14 08:49 : update: added Кукрыниксы/Кукрыниксы - Обнимай.mp3
Mar 14 08:49 : update: added Кукрыниксы/Кукрыниксы - Солдатская печаль.mp3
Mar 14 08:49 : update: added /Icon For Hire - Off With Her Head.mp3
Mar 14 08:49 : update: added /Стигмата - Сентябрь.mp3
Mar 14 08:49 : update: added Княzz/КняZZ – Казнь Шута (www.petamusic.ru).mp3
Mar 14 08:49 : update: added Княzz/КняZZ – Дезертир (www.petamusic.ru).mp3
Mar 14 08:49 : update: added Княzz/КняZZ – Мушкетеры (www.petamusic.ru).mp3
Mar 14 08:49 : update: added Княzz/КняZZ – Узники долины снов (www.petamusic.ru).mp3
Mar 14 08:49 : update: added Княzz/КняZZ – Рок-н-ролльный дед мороз (www.petamusic.ru).mp3
Mar 14 08:49 : update: added Княzz/КняZZ – Темные (www.petamusic.ru).mp3
Mar 14 08:49 : update: added Княzz/КняZZ – Серый кардинал (www.petamusic.ru).mp3
Mar 14 08:49 : update: added Княzz/КняZZ – Письмо из Трансильвании (www.petamusic.ru).mp3
Mar 14 08:50 : update: added Княzz/КняZZ – Вирус (www.petamusic.ru).mp3
Mar 14 08:50 : update: added Княzz/КняZZ – Наука Билли Бонса (www.petamusic.ru).mp3
Mar 14 08:50 : update: added Княzz/КняZZ – Пиковая Дама (www.petamusic.ru).mp3
Mar 14 08:50 : update: added Княzz/КняZZ – Я Добрый (www.petamusic.ru).mp3
Mar 14 08:50 : update: added Княzz/КняZZ – Святой (www.petamusic.ru).mp3
Mar 14 08:50 : update: added Княzz/КняZZ, Горшенев Алексей – Боль (www.petamusic.ru).mp3
Mar 14 08:50 : update: added Княzz/КняZZ – Бедный Йорик (www.petamusic.ru).mp3
Mar 14 08:50 : update: added Княzz/КняZZ – Меригуан (www.petamusic.ru).mp3
Mar 14 08:50 : update: added Княzz/КняZZ – Русский дух (www.petamusic.ru).mp3
Mar 14 08:50 : update: added Княzz/КняZZ – Призраки там-тама (www.petamusic.ru).mp3
Mar 14 08:50 : update: added Княzz/КняZZ – Русалки (www.petamusic.ru).mp3
Mar 14 08:50 : update: added Княzz/КняZZ – Подруга анархиста (www.petamusic.ru).mp3
Mar 14 08:50 : update: added Княzz/КняZZ – Человек-загадка (www.petamusic.ru).mp3
Mar 14 08:50 : update: added Княzz/КняZZ – Бастард (www.petamusic.ru).mp3
Mar 14 08:50 : update: added Княzz/КняZZ – Пир в замке врага (www.petamusic.ru).mp3
Mar 14 08:50 : update: added Княzz/КняZZ – Билли Миллиган (www.petamusic.ru).mp3
Mar 14 08:50 : update: added Княzz/КняZZ – Граф Калиостро (www.petamusic.ru).mp3
Mar 14 08:50 : update: added Княzz/КняZZ – Тайна Кривых Зеркал (www.petamusic.ru).mp3
Mar 14 08:50 : update: added Княzz/КняZZ – Байкеры (www.petamusic.ru).mp3
Mar 14 08:50 : update: added Княzz/КняZZ – Дом манекенов (www.petamusic.ru).mp3
Mar 14 08:50 : update: added Княzz/КняZZ – Пивная Песня (www.petamusic.ru).mp3
Mar 14 08:50 : update: added Княzz/Сказки Чёрного Города feat. КняZz – Дотянуться до звёзд feat КняZz Бонус трек (www.petamusic.ru).mp3
Mar 14 08:50 : update: added Княzz/княzz ангел и демон тайна кривых зеркал2012.mp3
Mar 14 08:50 : update: added Княzz/КняZZ – Гример (www.petamusic.ru).mp3
Mar 14 08:50 : update: added Княzz/КняZZ – Не видели вы девушку (www.petamusic.ru).mp3
Mar 14 08:50 : update: added Княzz/КняZZ – Ночная гостья (www.petamusic.ru).mp3
Mar 14 08:50 : update: added Княzz/княzz убежище тайна кривых зеркал 2012.mp3
Mar 14 08:50 : update: added Княzz/КняZZ – Зазеркалье (www.petamusic.ru).mp3
Mar 14 08:50 : update: added Княzz/КняZZ – Видел Вия - вот те крест (www.petamusic.ru).mp3
Mar 14 08:50 : update: added Княzz/КняZZ – Волкодлак (www.petamusic.ru).mp3
Mar 14 08:50 : update: added Княzz/КняZZ – Чернокнижник (www.petamusic.ru).mp3
Mar 14 08:50 : update: added Княzz/КняZZ – Буйство духов (www.petamusic.ru).mp3
Mar 14 08:50 : update: added Княzz/Балу feat. КняZz, Сид, Чача, Маррадер – Смерть шута feat КняZz, Сид, Чача & Маррадер (www.petamusic.ru).mp3
Mar 14 08:50 : update: added Княzz/КняZZ – Банник (www.petamusic.ru).mp3
Mar 14 08:50 : update: added Княzz/КняZZ – Брат (www.petamusic.ru).mp3
Mar 14 08:50 : update: added Княzz/КняZZ – Адель (www.petamusic.ru).mp3
Mar 14 08:50 : update: added Княzz/КняZZ – Воланд прав (www.petamusic.ru).mp3
Mar 14 08:50 : update: added Княzz/КняZZ – Колдун-кабан (www.petamusic.ru).mp3
Mar 14 08:50 : update: added Княzz/КняZZ – Актриса (www.petamusic.ru).mp3
Mar 14 08:50 : update: added Верните мне мои 90-е/Смысловые галюцинации - Вечно молодой (OST Брат 2).mp3
Mar 14 08:50 : update: added Верните мне мои 90-е/Юрий Лоза - Мой плот.mp3
Mar 14 08:50 : update: added Верните мне мои 90-е/Серёга - Чёрный Бумер.mp3
Mar 14 08:50 : update: added Верните мне мои 90-е/Стас Михайлов - Я Столько Не Выпью.mp3
Mar 14 08:50 : update: added Верните мне мои 90-е/Михаил Шуфутинский - 3-е сентября.mp3
Mar 14 08:50 : update: added Верните мне мои 90-е/Бутырка - Аттестат.mp3
Mar 14 08:50 : update: added Верните мне мои 90-е/Масяня - Мне надо меньше пить.mp3
Mar 14 08:50 : update: added Верните мне мои 90-е/Леонид Агутин И &#039;отпетые Мошенники&#039; - Граница (J 44).mp3
Mar 14 08:50 : update: added Верните мне мои 90-е/Дюна - Если б было море пива.mp3
Mar 14 08:50 : update: added /kongos–come_with_me_now.mp3
Mar 14 08:50 : update: added Неотсортированное/Vasya_V._CJ_Plus_-_Davaj_Tyapnem_(iPleer.fm).mp3
Mar 14 08:50 : update: added Неотсортированное/Elektroforez_-_Eshafot_(iPleer.fm).mp3
Mar 14 08:50 : update: added Неотсортированное/ОЙРА! feat. Юлия Коган - Эй, братуха!.mp3
Mar 14 08:50 : update: added Неотсортированное/Plan_Lomonosova_-_Pobratimy_(iPleer.fm).mp3
Mar 14 08:50 : update: added Неотсортированное/Emelin_Nikolaj_-_Emelin_Nikolaj_(iPleer.fm).mp3
Mar 14 08:50 : update: added Неотсортированное/Vasya_Vasin_Kirpichi_-_Skazhem_net_koncu_sveta_Rapcore_(iPleer.fm).mp3
Mar 14 08:50 : update: added Неотсортированное/Ойра! - Вместе.mp3
Mar 14 08:50 : update: added Неотсортированное/Siberian_Meat_Grinder_-_Net_Puti_Nazad_(iPleer.fm).mp3
Mar 14 08:50 : update: added Неотсортированное/Elektroforez_-_Vsyo_chto_ostalos_(iPleer.fm).mp3
Mar 14 08:50 : update: added Неотсортированное/ойра андрій кириченко luli lul.mp3
Mar 14 08:50 : update: added Неотсортированное/Elektroforez_-_Posle_filma_(iPleer.fm).mp3
Mar 14 08:50 : update: added Неотсортированное/Mongol-SHuudan_-_Haos_anarhiya-mat_poryadka_haos_-_otec_(iPleer.fm).mp3
Mar 14 08:50 : update: added Неотсортированное/A.Gejnc_S.Danilov_-_Gamlet_ili_ballada_o_moem_pokolenii_(iPleer.fm).mp3
Mar 14 08:50 : update: added Неотсортированное/Nikola_Emelin_-_Vecherkom_(iPleer.fm).mp3
Mar 14 08:50 : update: added Неотсортированное/LAST_PAGE_-_Vmeste_i_do_konca_(iPleer.fm).mp3
Mar 14 08:50 : update: added Неотсортированное/Ойра! - Новогодняя.mp3
Mar 14 08:50 : update: added Неотсортированное/PORNOFILMY_-_Papa_Ne_Pej_Mama_Ne_Pej_(iPleer.fm).mp3
Mar 14 08:50 : update: added Неотсортированное/Bydlocikl_-_Kakogo_(iPleer.fm).mp3
Mar 14 08:50 : update: added Неотсортированное/ойра андрій кириченко svity misyaachenko.mp3
Mar 14 08:50 : update: added Неотсортированное/Ecshyo_Nikak_-_Stoyal_znachit_(iPleer.fm).mp3
Mar 14 08:50 : update: added Неотсортированное/affinazh_-_pervaya_mysl_-_eto_ty_(zaycev.net).mp3
Mar 14 08:50 : update: added Неотсортированное/MystTerra_-_God_Rest_Ye_Merry_Gentlemen_(iPleer.fm).mp3
Mar 14 08:50 : update: added Неотсортированное/Siberian_Meat_Grinder_-_Style_(iPleer.fm).mp3
Mar 14 08:50 : update: added Неотсортированное/mystterra-не-для-меня.mp3
Mar 14 08:50 : update: added Неотсортированное/Ойра! - Наша лета.mp3
Mar 14 08:50 : update: added Неотсортированное/MystTerra_-_Drakone_zoloto_Orbis_Terrarum_2013_(iPleer.fm).mp3
Mar 14 08:50 : update: added Неотсортированное/Kolizej_-_I_tolko_imya_tvoe.....F_Hm_G_AI_tolko_imya_tvoe_ya_v_karmane_noshu_F_Hm_Em_F_Nikomu_ne_ras_(iPleer.fm).mp3
Mar 14 08:50 : update: added Неотсортированное/affinazh_-_pidzhachok_(zaycev.net).mp3
Mar 14 08:50 : update: added Неотсортированное/MystTerra_-_Zarya_Orbis_Terrarum_2013_(iPleer.fm).mp3
Mar 14 08:50 : update: added Неотсортированное/Siberian_Meat_Grinder_-_Stil_(iPleer.fm).mp3
Mar 14 08:50 : update: added Неотсортированное/TY_NESI_MENYA_REKA_-_LYUBE_(iPleer.fm).mp3
Mar 14 08:50 : update: added Неотсортированное/Ойра! - Я - рок музыкант.mp3
Mar 14 08:50 : update: added Неотсортированное/Birtman_-_Seryoga_zigani_(iPleer.fm).mp3
Mar 14 08:50 : update: added Неотсортированное/MystTerra_-_MystTerra_Herr_Mannelig_(iPleer.fm).mp3
Mar 14 08:50 : update: added Неотсортированное/sex ойра.mp3
Mar 14 08:50 : update: added Неотсортированное/MystTerra_-_V_kabake_Orbis_Terrarum_2013_(iPleer.fm).mp3
Mar 14 08:50 : update: added Неотсортированное/Last_Page_-_Obrezh_chyolku_(iPleer.fm).mp3
Mar 14 08:50 : update: added Неотсортированное/Sturmmann - Akkumulator.mp3
Mar 14 08:50 : update: added Неотсортированное/Svarga_-_Veter_V_Ivah_(iPleer.fm).mp3
Mar 14 08:50 : update: added Неотсортированное/электрофорез-русская-принцесса.mp3
Mar 14 08:50 : update: added Неотсортированное/Woodscream_-_Alan_(iPleer.fm).mp3
Mar 14 08:50 : update: added Неотсортированное/Elektroforez_-_8_Minut_(iPleer.fm).mp3
Mar 14 08:50 : update: added Неотсортированное/Izmoroz_-_Buhla_Nalej_(iPleer.fm).mp3
Mar 14 08:50 : update: added Неотсортированное/Siberian_meat_grinder_-_Plamya_v_grudi_(iPleer.fm).mp3
Mar 14 08:50 : update: added Неотсортированное/affinazh_-_ne_tantsuy_(zaycev.net).mp3
Mar 14 08:50 : update: added Неотсортированное/Vadim_Egorov_-_Dozhd_smoet_vse_sledy_(iPleer.fm).mp3
Mar 14 08:50 : update: added Неотсортированное/Ойра! - Мы живём.mp3
Mar 14 08:50 : update: added Неотсортированное/Ойра! - Ни шагу назад.mp3
Mar 14 08:50 : update: added Неотсортированное/электрофорез-1905.mp3
Mar 14 08:50 : update: added Неотсортированное/MystTerra_-_Istina_v_vine_(iPleer.fm).mp3
Mar 14 08:50 : update: added Неотсортированное/CHIZHiKo_-_fantom_(iPleer.fm).mp3
Mar 14 08:50 : update: added Неотсортированное/ArktidA_-_Begi_(iPleer.fm).mp3
Mar 14 08:50 : update: added Неотсортированное/affinazh_-_nerodivshiysya_(zaycev.net).mp3
Mar 14 08:50 : update: added RASPUTNIKI/RASPUTNIKI - Полигамия.mp3
Mar 14 08:50 : update: added RASPUTNIKI/RASPUTNIKI - Бессмертные.mp3
Mar 14 08:50 : update: added RASPUTNIKI/RASPUTNIKI - Get Drunk.mp3
Mar 14 08:50 : update: added RASPUTNIKI/RASPUTNIKI - Танец.mp3
Mar 14 08:50 : update: added RASPUTNIKI/RASPUTNIKI - Поцелуй.mp3
Mar 14 08:50 : update: added RASPUTNIKI/RASPUTNIKI - Нефть.mp3
Mar 14 08:50 : update: added RASPUTNIKI/RASPUTNIKI - Лавина.mp3
Mar 14 08:50 : update: added RASPUTNIKI/RASPUTNIKI - До Дна.mp3
Mar 14 08:50 : update: added RASPUTNIKI/RASPUTNIKI - Виноградный Сок.mp3
Mar 14 08:50 : update: added /pearl_jam–do_the_evolution.mp3
Mar 14 08:50 : update: added Jesus Christ Superstar/Jesus Christ Superstar (1973) - Heaven On Their Minds.mp3
Mar 14 08:50 : update: added Jesus Christ Superstar/Jesus Christ Superstar (1973) - What's the buzz.mp3
Mar 14 08:50 : update: added Jesus Christ Superstar/Jesus Christ Superstar (1973) - 9_The temple.mp3
Mar 14 08:50 : update: added Jesus Christ Superstar/Jesus Christ Superstar (1973) - Simon Zealotes.mp3
Mar 14 08:50 : update: added Пиратские/Harley McQuinn - Бухать и морды бить.mp3
Mar 14 08:50 : update: added Пиратские/Wallace Band/Wallace band - Ведьма.mp3
Mar 14 08:50 : update: added Пиратские/Wallace Band/Макс и Мария Нижегородовы (Wallace band) - Танцуй, эльфийский народ (Песни Краснодарских ролевиков).mp3
Mar 14 08:50 : update: added Пиратские/Wallace Band/Wallace band - Бродяга-менестрель.mp3
Mar 14 08:50 : update: added Timur Shaov/Timur Shaov - Skazka nashego vremeni.mp3
Mar 14 08:50 : update: added Timur Shaov/Timur Shaov - Nochnoj Svistun.mp3
Mar 14 08:50 : update: added Timur Shaov/Timur Shaov - Chastushki-pofigushki.mp3
Mar 14 08:50 : update: added /EASYMETAL - They Dont Care About Us.mp3
Mar 14 08:50 : update: added ДляБега/The End Of Silence - Осколки любви.mp3
Mar 14 08:50 : update: added ДляБега/Manowar - Warriors Of The World United.mp3
Mar 14 08:50 : update: added ДляБега/Doroga Vodana - Pesnja Mraka.mp3
Mar 14 08:50 : update: added ДляБега/Judas Priest - Painkiller.mp3
Mar 14 08:50 : update: added ДляБега/эпидемия–07_-_вечный_воитель.mp3
Mar 14 08:50 : update: added ДляБега/Jepidemija - Chjornyj kuznec.mp3
Mar 14 08:50 : update: added ДляБега/Demons And Wizards - Terror Train.mp3
Mar 14 08:50 : update: added ДляБега/AURA - Полюшко-поле.mp3
Mar 14 08:50 : update: added ДляБега/Butterfly Temple - Песнь Вольных Ветров.mp3
Mar 14 08:50 : update: added ДляБега/The End Of Silence - Мой мир (Single 2013).mp3
Mar 14 08:50 : update: added ДляБега/Demons and Wizards - Crimson King.mp3
Mar 14 08:50 : update: added ДляБега/The End Of Silence - 01. Сделай шаг [EP 2013].mp3
Mar 14 08:50 : update: added ДляБега/Дорога Водана - Чёрный камень.mp3
Mar 14 08:50 : update: added ДляБега/Avenged Sevenfold - Welcome to the Family.mp3
Mar 14 08:50 : update: added ДляБега/blue_stahli–takedown.mp3
Mar 14 08:50 : update: added ДляБега/Дорога Водана - Властелин Лесной.mp3
Mar 14 08:50 : update: added ДляБега/Running Wild - Pirate Song.mp3
Mar 14 08:50 : update: added ДляБега/Judas Priest - Hell Patrol.mp3
Mar 14 08:50 : update: added ДляБега/The End Of Silence - 02. Ложь  [EP 2013].mp3
Mar 14 08:50 : update: added ДляБега/blue_stahli–anti_you.mp3
Mar 14 08:50 : update: added Треш/Красная плесень - лежит хомяк.mp3
Mar 14 08:50 : update: added Треш/г897653455/г897653455 - достал нож реж.mp3
Mar 14 08:50 : update: added Треш/г897653455/г897653455  - шлюхи умрут.mp3
Mar 14 08:50 : update: added Треш/г897653455/г897653455 - сила спайса.mp3
Mar 14 08:50 : update: added Треш/г897653455/г897653455 - МНЕ ПРИСНИЛСЯ СОН, ЧТО ГЕРОИН БЫЛ В МЕНЯ ВЛЮБЛЕН .mp3
Mar 14 08:50 : update: added Треш/г897653455/г897653455 - Иисус идет за тобой.mp3
Mar 14 08:50 : update: added Треш/г897653455/г897653455 - Обнуляй.mp3
Mar 14 08:50 : update: added Треш/г897653455/г897653455 - пожалуйста,умирай.mp3
Mar 14 08:50 : update: added Треш/Дикие самцы/Дикие Самцы - Слава Суицид.mp3
Mar 14 08:50 : update: added Треш/Дикие самцы/Дикие Самцы - Булкин-рок (Будь здоров).mp3
Mar 14 08:50 : update: added Треш/ДУШЕГУБЫ/ДУШЕГУБЫ - 02 - Джага маргинальная (Захару былому посвящаю).mp3
Mar 14 08:50 : update: added Треш/ДУШЕГУБЫ/ДУШЕГУБЫ - 10 - Трали-вали (2017 - _От Light ColЫ до Хардкора!_).mp3
Mar 14 08:50 : update: added Треш/ДУШЕГУБЫ/ДУШЕГУБЫ - 04 - Пуля (2017 - _От Light ColЫ до Хардкора!_).mp3
Mar 14 08:50 : update: added Треш/ДУШЕГУБЫ/ДУШЕГУБЫ - 02 - Хватка (2017 - _От Light ColЫ до Хардкора!_).mp3
Mar 14 08:50 : update: added Треш/ДУШЕГУБЫ/ДУШЕГУБЫ - 04 - Нахуй нежности! (Своей бабе посвящаю).mp3
Mar 14 08:50 : update: added Треш/ДУШЕГУБЫ/ДУШЕГУБЫ - 05 - Проститутки (2017 - _От Light ColЫ до Хардкора!_).mp3
Mar 14 08:50 : update: added Треш/ДУШЕГУБЫ/Душегубы - 06 - Противная песня ( Береги туза!).mp3
Mar 14 08:50 : update: added Треш/ДУШЕГУБЫ/Душегубы - 05 - Аты-баты,FUCK OFF военкоматы!!!.mp3
Mar 14 08:50 : update: added Треш/ДУШЕГУБЫ/ДУШЕГУБЫ - ГРОБОВАЯ ДОСКА - 09 - Любер (2017 - _От Light ColЫ до Хардкора!_).mp3
Mar 14 08:50 : update: added Треш/ДУШЕГУБЫ/ДУШЕГУБЫ - 01 - патологоанатом ( Антикризисная).mp3
Mar 14 08:50 : update: added Треш/ДУШЕГУБЫ/ДУШЕГУБЫ - 03 - ЗОЖ (2017 - _От Light ColЫ до Хардкора!_).mp3
Mar 14 08:50 : update: added Треш/ДУШЕГУБЫ/ДУШЕГУБЫ - 11 - Сверхмощь (2017 - _От Light ColЫ до Хардкора!_).mp3
Mar 14 08:50 : update: added Треш/ДУШЕГУБЫ/ДУШЕГУБЫ - 01 - Привет! (2017 - _От Light ColЫ до Хардкора!_).mp3
Mar 14 08:50 : update: added Треш/ДУШЕГУБЫ/ДУШЕГУБЫ - 07 - Реабилитация (Кольчику посв.)(2017 - _От Light ColЫ до Хардкора!_).mp3
Mar 14 08:50 : update: added Треш/ДУШЕГУБЫ/ДУШЕГУБЫ - ВЛОМ - ПИВО ДЕ ПОХМЕЙЛО - ГРОБОВАЯ ДОСКА - 08 - АЛКОФРОНТ (2017 - _От Light ColЫ до Хардкора!_).mp3
Mar 14 08:50 : update: added Треш/ДУШЕГУБЫ/ДУШЕГУБЫ - 06 - Гром (2017 - _От Light ColЫ до Хардкора!_).mp3
Mar 14 08:50 : update: added Треш/Вандал - Дед мой был штурмфюррер SS .mp3
Mar 14 08:50 : update: added Треш/Йорш/йорш мы ебанутые.mp3
Mar 14 08:50 : update: added Треш/Йорш/Йорш - Выше Черный Флаг.mp3
Mar 14 08:50 : update: added Треш/Йорш/ё р ш мочи козлов.mp3
Mar 14 08:50 : update: added Треш/Йорш/йорш все панки попадают в рай.mp3
Mar 14 08:50 : update: added Треш/Йорш/ё р ш пожирательница звёзд.mp3
Mar 14 08:50 : update: added Треш/Йорш/йорш когда нас расстреляют.mp3
Mar 14 08:50 : update: added Треш/Йорш/йорш мы и они.mp3
Mar 14 08:50 : update: added Треш/Йорш/Йорш - Мы ебанутые.mp3
Mar 14 08:50 : update: added Треш/Йорш/йорш армия.mp3
Mar 14 08:50 : update: added Треш/Кожаный Олень/Кожанный олень - Кузьма большие яйца.mp3
Mar 14 08:50 : update: added Треш/Кожаный Олень/Кожанный Олень - Хлоргиксин Биглюконат.mp3
Mar 14 08:50 : update: added Треш/Кожаный Олень/Кожанный олень - 8 марта.mp3
Mar 14 08:50 : update: added Треш/Кожаный Олень/Кожанный олень - Бомж Афанасий.mp3
Mar 14 08:50 : update: added Треш/Кожаный Олень/Кожанный Олень - Жопа.mp3
Mar 14 08:50 : update: added Треш/Кожаный Олень/Кожанный олень - Тамагавки.mp3
Mar 14 08:50 : update: added Треш/Кожаный Олень/Кожанный Олень - Рожа Твоя Кислая.mp3
Mar 14 08:50 : update: added Треш/Кожаный Олень/Кожанный Олень - Люди мрут от ОРЗ.mp3
Mar 14 08:50 : update: added Треш/Кожаный Олень/Кожанный олень - Пиздулей.mp3
Mar 14 08:50 : update: added Треш/Трупный Яд/Трупный Яд – Мандаты (www.petamusic.ru).mp3
Mar 14 08:50 : update: added Треш/Трупный Яд/Трупный Яд – Лучщий подарок ручной пулемёт (www.petamusic.ru).mp3
Mar 14 08:50 : update: added Треш/Трупный Яд/Трупный Яд – Эра ебланов (www.petamusic.ru).mp3
Mar 14 08:50 : update: added Треш/Трупный Яд/Трупный яд – заряжай (www.petamusic.ru).mp3
Mar 14 08:50 : update: added Треш/Трупный Яд/Трупный Яд – Аллах Акбар (www.petamusic.ru).mp3
Mar 14 08:50 : update: added Треш/Трупный Яд/Трупный Яд – Мы Не Рабы (www.petamusic.ru).mp3
Mar 14 08:50 : update: added Треш/Трупный Яд/Трупный Яд – Заебало Все (www.petamusic.ru).mp3
Mar 14 08:50 : update: added Треш/Трупный Яд/Трупный Яд – Мент (www.petamusic.ru).mp3
Mar 14 08:50 : update: added Треш/Трупный Яд/Трупный Яд - У, Бля.mp3
Mar 14 08:50 : update: added Треш/Трупный Яд/Трупный Яд – Чума (www.petamusic.ru).mp3
Mar 14 08:50 : update: added Треш/ПТВП/п т в п инициалы.mp3
Mar 14 08:50 : update: added Треш/ПТВП/п т в п фсб.mp3
Mar 14 08:50 : update: added Треш/ПТВП/п т в п они охуели.mp3
Mar 14 08:50 : update: added Треш/ПТВП/п т в п жизнь за царя.mp3
Mar 14 08:50 : update: added Треш/ПТВП/п т в п до свидания.mp3
Mar 14 08:50 : update: added Треш/ПТВП/птвп хватит пиздеть.mp3
Mar 14 08:50 : update: added Треш/ПТВП/п т в п права человека.mp3
Mar 14 08:50 : update: added Треш/ПТВП/п т в п враньё.mp3
Mar 14 08:50 : update: added Треш/ДЖОДЖО БИЗАРРЕ ПРИКЛЮЧЕНИЯ - AYAAYAJAY EDITION.wav.mp3
Mar 14 08:50 : update: added Треш/Группа Наташа/Группа Наташа - Похмелюсь....mp3
Mar 14 08:50 : update: added Треш/Группа Наташа/группа -Наташа- - Нежили богато.mp3
Mar 14 08:50 : update: added Треш/Гробовая Доска/Гробовая Доска - Песня уклониста.mp3
Mar 14 08:50 : update: added Треш/Гробовая Доска/Гробовая Доска - Опарыш (Сектор Газа cover) 2014.mp3
Mar 14 08:50 : update: added Треш/Гробовая Доска/Гробовая Доска - 07. По душу пьяницы... -  По душу пьяницы... (2010-2014).mp3
Mar 14 08:50 : update: added Треш/Гробовая Доска/Гробовая доска - Дайте водки.mp3
Mar 14 08:50 : update: added Треш/Гробовая Доска/Гробовая Доска - Задира и солдат (репетиция к вечеру памяти Горшка, июль 2014).mp3
Mar 14 08:50 : update: added Треш/Гробовая Доска/Гробовая Доска - Похотливая Свинья (рок-н-ролл бонус) 2014.mp3
Mar 14 08:50 : update: added Треш/Гробовая Доска/Гробовая Доска - Похмельная.mp3
Mar 14 08:50 : update: added Треш/Гробовая Доска/Гробовая Доска - 08. Гробовоз -  По душу пьяницы... (2010-2014).mp3
Mar 14 08:50 : update: added Треш/Гробовая Доска/Гробовая Доска  - 02. Алкоголизмъ - По душу пьяницы... (2010-2014).mp3
Mar 14 08:50 : update: added Треш/Гробовая Доска/Гробовая Доска - Бык! Чо-.mp3
Mar 14 08:50 : update: added Треш/Гробовая Доска/Гробовая Доска - Нож.mp3
Mar 14 08:50 : update: added Треш/Гробовая Доска/Гробовая Доска - Минздраву надоест предупреждать.mp3
Mar 14 08:50 : update: added Треш/Гробовая Доска/Гробовая Доска - Святая.mp3
Mar 14 08:50 : update: added Треш/Гробовая Доска/Гробовая Доска - 04. Партаки -  По душу пьяницы... (2010-2014).mp3
Mar 14 08:50 : update: added Треш/Гробовая Доска/Гробовая Доска - 03. Труп в плацкарте - По душу пьяницы... (2010-2014).mp3
Mar 14 08:50 : update: added Треш/Гробовая Доска/Гробовая Доска - Упокойная.mp3
Mar 14 08:50 : update: added Треш/Гробовая Доска/Гробовая Доска - Нет сил пить....mp3
Mar 14 08:50 : update: added Треш/ПОРНОФИЛЬМЫ/Порнофильмы - Молодость.mp3
Mar 14 08:50 : update: added Треш/ПОРНОФИЛЬМЫ/порнофильмы очки.mp3
Mar 14 08:50 : update: added Треш/ПОРНОФИЛЬМЫ/порнофильмы поезда.mp3
Mar 14 08:50 : update: added Треш/ПОРНОФИЛЬМЫ/порнофильмы pussy riot.mp3
Mar 14 08:50 : update: added Треш/ПОРНОФИЛЬМЫ/порнофильмы наркотик.mp3
Mar 14 08:50 : update: added Треш/ПОРНОФИЛЬМЫ/порнофильмы как в последний раз.mp3
Mar 14 08:50 : update: added Треш/ПОРНОФИЛЬМЫ/порнофильмы рабы.mp3
Mar 14 08:50 : update: added Треш/ПОРНОФИЛЬМЫ/Порнофильмы - Ружьё.mp3
Mar 14 08:50 : update: added Треш/ПОРНОФИЛЬМЫ/Порнофильмы - Я так соскучился.mp3
Mar 14 08:50 : update: added Треш/ПОРНОФИЛЬМЫ/порнофильмы о вас.mp3
Mar 14 08:50 : update: added Треш/ПОРНОФИЛЬМЫ/порнофильмы нищих убивай.mp3
Mar 14 08:50 : update: added Треш/ПОРНОФИЛЬМЫ/порнофильмы 2012 искусство.mp3
Mar 14 08:50 : update: added Треш/ПОРНОФИЛЬМЫ/порнофильмы отъебитесь от детей.mp3
Mar 14 08:50 : update: added Треш/ПОРНОФИЛЬМЫ/порнофильмы скучная жизнь.mp3
Mar 14 08:50 : update: added Треш/ПОРНОФИЛЬМЫ/Порнофильмы - Система.mp3
Mar 14 08:50 : update: added Треш/ПОРНОФИЛЬМЫ/порнофильмы арест.mp3
Mar 14 08:50 : update: added Треш/ПОРНОФИЛЬМЫ/порнофильмы ты в моей секте.mp3
Mar 14 08:50 : update: added Треш/ПОРНОФИЛЬМЫ/порнофильмы мы все отправимся в ад.mp3
Mar 14 08:50 : update: added Треш/ПОРНОФИЛЬМЫ/порнофильмы я так боюсь.mp3
Mar 14 08:50 : update: added Треш/ПОРНОФИЛЬМЫ/порнофильмы донос.mp3
Mar 14 08:50 : update: added Треш/ПОРНОФИЛЬМЫ/порнофильмы бомбы.mp3
Mar 14 08:50 : update: added Треш/ПОРНОФИЛЬМЫ/порнофильмы продавец консультант.mp3
Mar 14 08:50 : update: added Треш/Взрыв кабачка в коляске с поносом - Некро-бомжи.mp3
Mar 14 08:50 : update: added Треш/Киборг/киборг лжегуманизм.mp3
Mar 14 08:50 : update: added Треш/Киборг/киборг каратель.mp3
Mar 14 08:50 : update: added Треш/Киборг/kiborg_-_antifa_(zaycev.net).mp3
Mar 14 08:50 : update: added Треш/Киборг/киборг нет россиянам.mp3
Mar 14 08:50 : update: added Треш/Киборг/киборг педофилия.mp3
Mar 14 08:50 : update: added Треш/Киборг/Киборг - На Системе.mp3
Mar 14 08:50 : update: added Треш/Киборг/Киборг - Воровство.mp3
Mar 14 08:50 : update: added Треш/dёргать где беломору достать.mp3
Mar 14 08:50 : update: added Треш/Дальше Некуда/Дальше Некуда - Чёрная тоска.mp3
Mar 14 08:50 : update: added Треш/Дальше Некуда/Дальше Некуда - Кукла Вуду.mp3
Mar 14 08:50 : update: added Треш/Дальше Некуда/Дальше Некуда - Гимн Тёмной Свободы.mp3
Mar 14 08:50 : update: added Треш/Дальше Некуда/Дальше Некуда - Дивный Новый Мир.mp3
Mar 14 08:50 : update: added Треш/Дальше Некуда/Дальше Некуда - Слепой и Зрячий.mp3
Mar 14 08:50 : update: added Треш/Дальше Некуда/Дальше Некуда - Даруй Мне Боль.mp3
Mar 14 08:50 : update: added Треш/Дальше Некуда/Дальше Некуда - В могильной тиши.mp3
Mar 14 08:50 : update: added Треш/Дальше Некуда/Дальше Некуда - За окошком.mp3
Mar 14 08:50 : update: added Треш/Дальше Некуда/Дальше Некуда - Ракетою по солнцу.mp3
Mar 14 08:50 : update: added Треш/Дальше Некуда/Дальше Некуда - Икона.mp3
Mar 14 08:50 : update: added Треш/Дальше Некуда/Дальше Некуда - Под оккупацией жидов.mp3
Mar 14 08:50 : update: added Треш/АИГЕЛ - А мой парень - татарин.mp3
Mar 14 08:50 : update: added Треш/Second B/Second B - 9.Одна случайная встреча [Кто я такой_] 2016.mp3
Mar 14 08:50 : update: added Треш/Second B/Second B - Даже если.mp3
Mar 14 08:50 : update: added Треш/Second B/Second B - 12.След огней [Кто я такой_] 2016.mp3
Mar 14 08:50 : update: added Треш/Second B/Second B - Лететь.mp3
Mar 14 08:50 : update: added Треш/МС ДОМКРАТ - Рыжая телка.mp3
Mar 14 08:50 : update: added Треш/Макс Котляр/Марк Котляр - ОПГ .mp3
Mar 14 08:50 : update: added Треш/Макс Котляр/Марк Котляр - Шахтинская история.mp3
Mar 14 08:50 : update: added Треш/Макс Котляр/Марк Котляр - Расстался!.mp3
Mar 14 08:50 : update: added Треш/План Ломоносова/план ломоносова солдаты удачи.mp3
Mar 14 08:50 : update: added Треш/План Ломоносова/план ломоносова бегом.mp3
Mar 14 08:50 : update: added Треш/План Ломоносова/План Ломоносова - Культпоход.mp3
Mar 14 08:50 : update: added Треш/План Ломоносова/план ломоносова миллениум.mp3
Mar 14 08:50 : update: added Треш/План Ломоносова/план ломоносова визор.mp3
Mar 14 08:50 : update: added Треш/План Ломоносова/план ломоносова не торопись.mp3
Mar 14 08:50 : update: added Треш/План Ломоносова/план ломоносова дракон.mp3
Mar 14 08:50 : update: added Треш/План Ломоносова/план ломоносова я любовь.mp3
Mar 14 08:50 : update: added Треш/План Ломоносова/План Ломоносова - Верное решение.mp3
Mar 14 08:50 : update: added Треш/План Ломоносова/План Ломоносова - Резкая как нате!.mp3
Mar 14 08:50 : update: added Треш/План Ломоносова/план ломоносова марш муравьев.mp3
Mar 14 08:50 : update: added Треш/План Ломоносова/план ломоносова киберпанк.mp3
Mar 14 08:50 : update: added Треш/План Ломоносова/план ломоносова фото панк.mp3
Mar 14 08:50 : update: added Треш/Хук Справа/Хук Справа – Крепкой Стеной (www.petamusic.ru).mp3
Mar 14 08:50 : update: added Треш/Хук Справа/Хук Справа – Генерал Ермолов (www.petamusic.ru).mp3
Mar 14 08:50 : update: added Треш/Хук Справа/Хук Справа – Мы - Русский Образ (www.petamusic.ru).mp3
Mar 14 08:50 : update: added Треш/Хук Справа/Хук Справа – Дорога Чести (www.petamusic.ru).mp3
Mar 14 08:50 : update: added Треш/Хук Справа/Хук Справа – Заебало (www.petamusic.ru).mp3
Mar 14 08:50 : update: added Треш/Хук Справа/Хук Справа – Полярный Рэйх (www.petamusic.ru).mp3
Mar 14 08:50 : update: added Треш/Хук Справа/Хук Справа – Равнодушие (www.petamusic.ru).mp3
Mar 14 08:50 : update: added Треш/Хук Справа/Хук Справа – Бойцовский клуб (www.petamusic.ru).mp3
Mar 14 08:50 : update: added Треш/Хук Справа/Хук Справа – Нас не сломить (www.petamusic.ru).mp3
Mar 14 08:50 : update: added Треш/Хук Справа/Хук Справа – Я называю (www.petamusic.ru).mp3
Mar 14 08:50 : update: added Треш/Хук Справа/Хук Справа – Системная РАБотка (www.petamusic.ru).mp3
Mar 14 08:50 : update: added Треш/Хук Справа/Хук Справа – В Конце Тоннеля (www.petamusic.ru).mp3
Mar 14 08:50 : update: added Треш/♫ Бригадный Подряд - Ветераны Третьей Мировой.mp3
Mar 14 08:50 : update: added Треш/Хор - К Победе Через Боль.mp3
Mar 14 08:50 : update: added Треш/вебпанк-школьник - лайфстайл (джуковая грязь).mp3
Mar 14 08:50 : update: added Треш/Контрреволюция - Автомат Калашникова.mp3
Mar 14 08:50 : update: added Треш/SPT - Everybody Knows Sh t s F cked.mp3
Mar 14 08:50 : update: added Треш/паравозик томас - прибыл через 5 минут.mp3
Mar 14 08:50 : update: added Треш/[Last Page] - Трезвость-Ненависть.mp3
Mar 14 08:50 : update: added Треш/FPG/FPG - Ебанутый.mp3
Mar 14 08:50 : update: added Треш/FPG/FPG - Мои ботинки для прогулок.mp3
Mar 14 08:50 : update: added Треш/FPG/FPG - Там, где ты есть (2015).mp3
Mar 14 08:50 : update: added Треш/FPG/FPG - Думай обо мне лучше (быстрая).mp3
Mar 14 08:50 : update: added Треш/FPG/FPG. - Бухать!.mp3
Mar 14 08:50 : update: added Треш/FPG/F.P.G. - Дерзость и молодость.mp3
Mar 14 08:50 : update: added Треш/FPG/FPG - Не одинок.mp3
Mar 14 08:50 : update: added Треш/FPG/FPG - Умереть Молодым.mp3
Mar 14 08:50 : update: added Треш/FPG/FPG - Ломай Стереотипы.mp3
Mar 14 08:50 : update: added Треш/FPG/FPG - Сучка.mp3
Mar 14 08:50 : update: added Треш/FPG/FPG - Алкоголь.mp3
Mar 14 08:50 : update: added Треш/Дом Престарелых Аутистов - Гимн Тупых.mp3
Mar 14 08:50 : update: added Треш/Сатана Печёт Блины - Вера Это Грех.mp3
Mar 14 08:50 : update: added Треш/Духи цеха/духи цеха спирт.mp3
Mar 14 08:50 : update: added Треш/Духи цеха/Trypsin Overdose feat. Духи Цеха - Блатная.mp3
Mar 14 08:50 : update: added Треш/Духи цеха/духи цеха пидорг.mp3
Mar 14 08:50 : update: added Треш/Духи цеха/духи цеха все бабы бляди.mp3
Mar 14 08:50 : update: added Треш/Духи цеха/духи цеха водка бляди и хардкор.mp3
Mar 14 08:50 : update: added Треш/Antisystem/Antisystem - Скажи России.mp3
Mar 14 08:50 : update: added Треш/Antisystem/Antisystem - Никогда не сдаваться.mp3
Mar 14 08:50 : update: added Треш/Bad To The Bonehead/bad to the bonehead поступок.mp3
Mar 14 08:50 : update: added Треш/Bad To The Bonehead/bad to the bonehead единой дорогой.mp3
Mar 14 08:50 : update: added Треш/Bad To The Bonehead/bad to the bonehaed продолжай борьбу.mp3
Mar 14 08:50 : update: added Треш/Bad To The Bonehead/Bad To The Bonehead - Дух 95-ого.mp3
Mar 14 08:50 : update: added Треш/Bad To The Bonehead/Bad To The Bonehead – Обычный Боец Антифа (www.petamusic.ru).mp3
Mar 14 08:50 : update: added Треш/Bad To The Bonehead/bad to the bonehead нож.mp3
Mar 14 08:50 : update: added Треш/Bad To The Bonehead/bad to the bonehead ар ма ту ра.mp3
Mar 14 08:50 : update: added Треш/Bad To The Bonehead/bad to the bonehead шанс.mp3
Mar 14 08:50 : update: added Треш/Bad To The Bonehead/Bad To The Bonehead - Юные Сердца.mp3
Mar 14 08:50 : update: added Треш/Bad To The Bonehead/Bad To The Bonehead - Я - Русский.mp3
Mar 14 08:50 : update: added Треш/Bad To The Bonehead/Bad To The Bonehead - Олдскульный Стафф.mp3
Mar 14 08:50 : update: added Треш/Исус Crew - Дед мой был православный пиздец.mp3
Mar 14 08:50 : update: added Треш/Ядерный сила!!! - Бей бабу по ебалу!.mp3
Mar 14 08:50 : update: added Blue Stahil/blue_stahli–takedown.mp3
Mar 14 08:50 : update: added Blue Stahil/blue_stahli–anti_you.mp3
Mar 14 08:50 : update: added Judas Preist/Judas Priest - Painkiller.mp3
Mar 14 08:50 : update: added Judas Preist/Judas Priest - Hell Patrol.mp3
Mar 14 08:50 : update: added Перепискa с Вaдимом/Ёк-макарёк/Ёк-макарёк - Волки.mp3
Mar 14 08:50 : update: added Перепискa с Вaдимом/Ёк-макарёк/Ёк-макарёк - Правда моя.mp3
Mar 14 08:50 : update: added Перепискa с Вaдимом/Ёк-макарёк/Ёк-Макарёк - Барин.mp3
Mar 14 08:50 : update: added Перепискa с Вaдимом/Informal Fuckъ/Infornal FuckЪ - Православные рокеры.mp3
Mar 14 08:50 : update: added Перепискa с Вaдимом/Informal Fuckъ/Infornal FuckЪ - Нордический централ.mp3
Mar 14 08:50 : update: added Перепискa с Вaдимом/Informal Fuckъ/Infornal FuckЪ – Маневры северной алкодивизии (www.petamusic.ru).mp3
Mar 14 08:50 : update: added Перепискa с Вaдимом/Informal Fuckъ/Infornal FuckЪ - Демон-Обсерунчик.mp3
Mar 14 08:50 : update: added Перепискa с Вaдимом/Informal Fuckъ/Infornal FuckЪ - Что совой об пень, что пнём об сову.mp3
Mar 14 08:50 : update: added Перепискa с Вaдимом/Informal Fuckъ/Infornal Fuckъ - Ролевики.mp3
Mar 14 08:50 : update: added Перепискa с Вaдимом/Informal Fuckъ/Infornal FuckЪ - Шульц и Ганс.mp3
Mar 14 08:50 : update: added Перепискa с Вaдимом/Informal Fuckъ/Infornal FuckЪ - Клиника Валхалла.mp3
Mar 14 08:50 : update: added Перепискa с Вaдимом/Informal Fuckъ/Infornal FuckЪ - Песнь о загубленной кукушке.mp3
Mar 14 08:50 : update: added Перепискa с Вaдимом/Informal Fuckъ/Infornal FuckЪ - Праздник арматурной содомии.mp3
Mar 14 08:50 : update: added Перепискa с Вaдимом/Informal Fuckъ/Infornal FuckЪ - Гимн диванных войск России.mp3
Mar 14 08:50 : update: added Перепискa с Вaдимом/Informal Fuckъ/Infornal FuckЪ – Пчёлы-мутанты-самогонщики (www.petamusic.ru).mp3
Mar 14 08:50 : update: added Перепискa с Вaдимом/Informal Fuckъ/Infornal FuckЪ – Пылесос ест котов (www.petamusic.ru).mp3
Mar 14 08:50 : update: added Перепискa с Вaдимом/Informal Fuckъ/Infornal FuckЪ - Баба-Яга.mp3
Mar 14 08:50 : update: added Перепискa с Вaдимом/Informal Fuckъ/Infornal FuckЪ - В чёрном лесу расчленённых трупов.mp3
Mar 14 08:50 : update: added Перепискa с Вaдимом/Informal Fuckъ/Infornal FuckЪ - Клюква.mp3
Mar 14 08:50 : update: added Перепискa с Вaдимом/Informal Fuckъ/Infornal FuckЪ - Влюбиться в мудака.mp3
Mar 14 08:50 : update: added Перепискa с Вaдимом/Informal Fuckъ/Infornal FuckЪ – Перфоратор (www.petamusic.ru).mp3
Mar 14 08:50 : update: added Перепискa с Вaдимом/Informal Fuckъ/Infornal Fuckъ - Скандинавская телега.mp3
Mar 14 08:50 : update: added Перепискa с Вaдимом/Informal Fuckъ/Infornal FuckЪ - Алкопятница .mp3
Mar 14 08:50 : update: added Перепискa с Вaдимом/Informal Fuckъ/Infornal Fuckъ - Конунг Олаф Моржовый Хер.mp3
Mar 14 08:50 : update: added Перепискa с Вaдимом/Informal Fuckъ/Infornal FuckЪ - Православная бабуля.mp3
Mar 14 08:50 : update: added Перепискa с Вaдимом/Informal Fuckъ/Infornal FuckЪ - Грабь, насилуй, убивай.mp3
Mar 14 08:50 : update: added Перепискa с Вaдимом/Informal Fuckъ/Infornal FuckЪ - Фредди Крюгер — педофил.mp3
Mar 14 08:50 : update: added Перепискa с Вaдимом/NEOIZERGIL - Бориса Ельцина - в святые!.mp3
Mar 14 08:50 : update: added Перепискa с Вaдимом/Псой Короленко - Остров, где всё есть.mp3
Mar 14 08:50 : update: added Перепискa с Вaдимом/Mc B - Купянск.mp3
Mar 14 08:50 : update: added Перепискa с Вaдимом/Натоптыши - Я смотрю на макароны - макароны смотрят на меня.mp3
Mar 14 08:50 : update: added Перепискa с Вaдимом/Лорд Пневмослон/Лорд Пневмослон - Урановый леденец с говном.mp3
Mar 14 08:50 : update: added Перепискa с Вaдимом/Лорд Пневмослон/Лорд Пневмослон - Да пошёл ты нахуй, ебаный Серега.mp3
Mar 14 08:50 : update: added Перепискa с Вaдимом/Лорд Пневмослон/Лорд Пневмослон - Я без баб бы ёбу дал.mp3
Mar 14 08:50 : update: added Перепискa с Вaдимом/Лорд Пневмослон/Лорд Пневмослон - Если б мог, то спиздил.mp3
Mar 14 08:50 : update: added Перепискa с Вaдимом/Лорд Пневмослон/пневмослон машем хуями в алкогольной яме уже пять минут как .mp3
Mar 14 08:50 : update: added Перепискa с Вaдимом/Лорд Пневмослон/Лорд Пневмослон - Адовый адок на задок и на передок.mp3
Mar 14 08:50 : update: added Перепискa с Вaдимом/Поцелуй Бомжа - Кнедлики.mp3
Mar 14 08:50 : update: added Перепискa с Вaдимом/Михаил Елизаров - Жди хуйни и жди подвоха.mp3
Mar 14 08:50 : update: added Перепискa с Вaдимом/Мальчишник - Малолетняя блядь.mp3
Mar 14 08:50 : update: added Перепискa с Вaдимом/ЛОЛС - Я ЛЮБЛЮ ЕБАТЬ СВОЮ СЕСТРУ.mp3
Mar 14 08:50 : update: added Перепискa с Вaдимом/Александр Пушной - Большие Сиськи.mp3
Mar 14 08:50 : update: added Перепискa с Вaдимом/OTVAAL - Заказаал.mp3
Mar 14 08:50 : update: added Перепискa с Вaдимом/14-88-white-power-skinhead_(mp3CC.com).mp3
Mar 14 08:50 : update: added Перепискa с Вaдимом/ЛАМПАСЫ - Борода.mp3
Mar 14 08:50 : update: added Перепискa с Вaдимом/Химера/Химера - Петр.mp3
Mar 14 08:50 : update: added Перепискa с Вaдимом/Химера/Химера - Не Зли Меня!.mp3
Mar 14 08:50 : update: added Перепискa с Вaдимом/Михаил Елизаров - Остановите свингер-пати!.mp3
Mar 14 08:50 : update: added Перепискa с Вaдимом/Тролль гнет ель/тролль гнёт ель пивная стрекоза.mp3
Mar 14 08:50 : update: added Перепискa с Вaдимом/Тролль гнет ель/Тролль Гнет Ель - Лунные Гульдены.mp3
Mar 14 08:50 : update: added Перепискa с Вaдимом/Тролль гнет ель/тролль гнёт ель день св патрика.mp3
Mar 14 08:50 : update: added Перепискa с Вaдимом/Тролль гнет ель/тролль гнёт ель тролль гнёт ель.mp3
Mar 14 08:50 : update: added Перепискa с Вaдимом/Тролль гнет ель/тролль гнёт ель сырный штурм.mp3
Mar 14 08:50 : update: added Перепискa с Вaдимом/Тролль гнет ель/тролль гнёт ель поймай лосося.mp3
Mar 14 08:50 : update: added Перепискa с Вaдимом/Тролль гнет ель/тролль гнёт ель мой дед говорил.mp3
Mar 14 08:50 : update: added Перепискa с Вaдимом/Тролль гнет ель/тролль гнёт ель конец осени.mp3
Mar 14 08:50 : update: added Перепискa с Вaдимом/Тролль гнет ель/тролль гнёт ель враг мой.mp3
Mar 14 08:50 : update: added Перепискa с Вaдимом/ansambl-hrista-spasitelya-i-mat-syra-zemlya-ayn-cvay-pravosl.mp3
Mar 14 08:50 : update: added Перепискa с Вaдимом/Лёха Медведев - Сколько ж было выпито вчера!.mp3
Mar 14 08:50 : update: added /yui_–again.mp3
Mar 14 08:50 : update: added /C2C - Delta.mp3
Mar 14 08:50 : update: added Svarga/Svarga - Ne mogu letet'.mp3
Mar 14 08:50 : update: added Svarga/Svarga - Vol'ch'ja.mp3
Mar 14 08:50 : update: added Svarga/Svarga X Drygva - V pasti novoj vojny.mp3
Mar 14 08:50 : update: added Svarga/Svarga - Proshhaj.mp3
Mar 14 08:50 : update: added Svarga/Svarga - Volki.mp3
Mar 14 08:50 : update: added Svarga/Svarga - Devjat' Dnej.mp3
Mar 14 08:50 : update: added Svarga/Svarga - Szhech'.mp3
Mar 14 08:50 : update: added Народная/Ирландская/Ирландская народная музыка - Ev sistr &#039;ta, Laou.mp3
Mar 14 08:50 : update: added Народная/Ирландская/Ирландская музыка - Skellig.mp3
Mar 14 08:50 : update: added /Mihail Krug - Vodochku p'em....mp3
Mar 14 08:50 : update: added Павел Пламенев/павел_пламенев–вот_тебе_моя_кровь..mp3
Mar 14 08:50 : update: added Павел Пламенев/павел_пламенев–ночь_перед_боем.mp3
Mar 14 08:50 : update: added Павел Пламенев/Павел Пламенев - Пушечное мясо.mp3
Mar 14 08:50 : update: added /dirty_wormz–god_of_war.mp3
Mar 14 08:50 : update: added Nevid'/Nevid' - Jantarnoe Serdce Arktidy.mp3
Mar 14 08:50 : update: added Nevid'/Nevid' - Ozhog.mp3
Mar 14 08:50 : update: added Nevid'/Nevid' - Kljatva Radosti Na Krovi!.mp3
Mar 14 08:50 : update: added Nevid'/Nevid' - Aghora.mp3
Mar 14 08:50 : update: added Nevid'/Nevid' - Rassvet Zaratustry.mp3
Mar 14 08:50 : update: added Nevid'/Nevid' - Slava pobed na veka!.mp3
Mar 14 08:50 : update: added Nevid'/Nevid' - Pobeda.mp3
Mar 14 08:50 : update: added Nevid'/Nevid' - My S Toboju Plamja, My S Toboju Zveri!.mp3
Mar 14 08:50 : update: added 1.5 кг Отличного Пюре/1,5 кг Отличного Пюре - Олд Скул Сонг.mp3
Mar 14 08:50 : update: added 1.5 кг Отличного Пюре/1.5 кг Отличного Пюре - Быть сильнее.mp3
Mar 14 08:50 : update: added 1.5 кг Отличного Пюре/1.5 кг Отличного Пюре - Август-Юг.mp3
Mar 14 08:50 : update: added Не знаю что/Pink Guy - Hentai.mp3
Mar 14 08:50 : update: added Не знаю что/Группа -Пикник- - У шамана три руки.mp3
Mar 14 08:50 : update: added Не знаю что/Within Temptation - All I Need.mp3
Mar 14 08:50 : update: added Не знаю что/Городок - САДОВО - ОГОРОДНЫЙ РЕП.mp3
Mar 14 08:50 : update: added Не знаю что/My Chemical Romance - NA NA NA (right official lyric) (1).mp3
Mar 14 08:50 : update: added Не знаю что/Грибы - Тает Лёд.mp3
Mar 14 08:50 : update: added Не знаю что/Театр Яда  - Ария Роботов.mp3
Mar 14 08:50 : update: added Не знаю что/KRS-One - Sound of da Police.mp3
Mar 14 08:50 : update: added Не знаю что/Marmok - One more time.mp3
Mar 14 08:50 : update: added Не знаю что/Смешарики - От Винта!.mp3
Mar 14 08:50 : update: added Не знаю что/Вахид Аюбов - Я чеченец злой породы (M95).mp3
Mar 14 08:50 : update: added Не знаю что/Аutoflowers - Автоцветы feat Doublethinkers - Дорога Drap RMX.mp3
Mar 14 08:50 : update: added Не знаю что/Different Heaven  - Feel Like Horrible (feat. Sian) [NCS Release].mp3
Mar 14 08:50 : update: added Не знаю что/kmlkmljkl - takyon jam.mp3
Mar 14 08:50 : update: added Не знаю что/Силя и Выход - Пионеры еще вернутся.mp3
Mar 14 08:50 : update: added Не знаю что/Delta Heavy - White Flag.mp3
Mar 14 08:50 : update: added Не знаю что/gimn-lyuftvaffe-was-wollen-wir-trinken.mp3
Mar 14 08:50 : update: added Не знаю что/Skindred - Nobody (Need For Speed Underground 2 OST).mp3
Mar 14 08:50 : update: added Не знаю что/Electric Six - Danger! High Voltage!.mp3
Mar 14 08:50 : update: added Не знаю что/Skip the Use - Nameless World.mp3
Mar 14 08:50 : update: added Не знаю что/ST - Слэм пацаны.mp3
Mar 14 08:50 : update: added Не знаю что/Oxxxymiron - Все переплетено.mp3
Mar 14 08:50 : update: added Не знаю что/NRKTK - Babka.mp3
Mar 14 08:50 : update: added Не знаю что/Bitard671 - Когда сестра дала.mp3
Mar 14 08:50 : update: added Не знаю что/Symphony of Science - The Quantum World!.mp3
Mar 14 08:50 : update: added Не знаю что/Неизвестность - Улыбнись (feat. Ноггано).mp3
Mar 14 08:50 : update: added Не знаю что/Серёга - Чёрный Бумер.mp3
Mar 14 08:50 : update: added Не знаю что/Сергей Глебов - Дежурный по роте на выход.mp3
Mar 14 08:50 : update: added Не знаю что/Вахбет Абедов - Водка пиво под конец корпоратива.mp3
Mar 14 08:50 : update: added Не знаю что/Диверсия - Сифилитичка.mp3
Mar 14 08:50 : update: added Не знаю что/Rise Against - Satellite.mp3
Mar 14 08:50 : update: added Не знаю что/Неизвестный исполнитель - Порно реп - Аты-баты.mp3
Mar 14 08:50 : update: added Не знаю что/JT Machinima - Prepare to Die [Dark souls 2 RAP].mp3
Mar 14 08:50 : update: added Не знаю что/Эндшпиль - ДЖАНГО.mp3
Mar 14 08:50 : update: added Не знаю что/Кузя - Шняга шняжная.mp3
Mar 14 08:50 : update: added Не знаю что/Пасош - Лето.mp3
Mar 14 08:50 : update: added Не знаю что/Калевала - Батька-атаман.mp3
Mar 14 08:50 : update: added Не знаю что/Карл Хламкин и ОгнеОпаснОркестр - Бомжи поджигают ночь.mp3
Mar 14 08:50 : update: added Не знаю что/S.T.A.L.K.E.R.- Call of Pripyat - Концовка.mp3
Mar 14 08:50 : update: added Не знаю что/Пасош - Я скучаю.mp3
Mar 14 08:50 : update: added Не знаю что/Jackie-O - Tokyo Ghoul OP - Токийский монстр - Токийский гуль опенинг (Jackie-O Russian Dubstep Full-Version) .mp3
Mar 14 08:50 : update: added Не знаю что/ТНМК  - КітПес.mp3
Mar 14 08:50 : update: added Не знаю что/oxxxymiron где нас нет.mp3
Mar 14 08:50 : update: added Не знаю что/Darren Korb - A Proper Story (Bastion OST).mp3
Mar 14 08:50 : update: added Не знаю что/Сатана Печёт Блины - Нет драки (Daft Punk - Get Lucky cover).mp3
Mar 14 08:50 : update: added Не знаю что/Беспризорники - Ибрагим.mp3
Mar 14 08:50 : update: added Не знаю что/Crazy Town - Butterfly [original].mp3
Mar 14 08:50 : update: added Не знаю что/Pigeon John - The Bomb.mp3
Mar 14 08:50 : update: added Не знаю что/326. The Weeknd - False Alarm.mp3
Mar 14 08:50 : update: added На расслабон/Никого нет дома/никого нет дома - припять (320 kb-s).mp3
Mar 14 08:50 : update: added На расслабон/Никого нет дома/никого нет дома - ракетное лето (tascam 244).mp3
Mar 14 08:50 : update: added На расслабон/Никого нет дома/никого нет дома - 9 дней.mp3
Mar 14 08:50 : update: added На расслабон/Никого нет дома/никого нет дома - опасайся - остерегайся.mp3
Mar 14 08:50 : update: added На расслабон/Никого нет дома/Никого нет дома - Про кота.mp3
Mar 14 08:50 : update: added На расслабон/Никого нет дома/никого нет дома - уходит транспорт (320 kb-s).mp3
Mar 14 08:50 : update: added На расслабон/Никого нет дома/Никого Нет Дома - Вместо смерти (demo).mp3
Mar 14 08:50 : update: added На расслабон/OST -To the moon- Laura Shigihara - Everything's Alright.mp3
Mar 14 08:50 : update: added На расслабон/Рома Впр - Земля Санникова.mp3
Mar 14 08:50 : update: added На расслабон/рондо тоже является частью вселенной.mp3
Mar 14 08:50 : update: added На расслабон/Дельфин/Дельфин - Весна.mp3
Mar 14 08:50 : update: added На расслабон/Дельфин/Dolphin - Дельфин.mp3
Mar 14 08:50 : update: added На расслабон/П. Гринёв - Звёзды вместо Солнца (авторы- П. Гринёв и П. Торопов).mp3
Mar 14 08:50 : update: added На расслабон/Hugh Laurie & Lisa Edelstein - Get Happy (OST House M.D).mp3
Mar 14 08:50 : update: added На расслабон/To the moon - For River.mp3
Mar 14 08:50 : update: added На расслабон/Сплин - Мороз по коже.mp3
Mar 14 08:50 : update: added На расслабон/Puscifer/Puscifer - Momma Said.mp3
Mar 14 08:50 : update: added На расслабон/Puscifer/Puscifer - Momma Said (Tandimonium Mix).mp3
Mar 14 08:50 : update: added На расслабон/Puscifer/Puscifer - The Humbling River.mp3
Mar 14 08:50 : update: added На расслабон/Narsilion/Narsilion - Faraway.mp3
Mar 14 08:50 : update: added На расслабон/Narsilion/Narsilion - Montserrat.mp3
Mar 14 08:50 : update: added На расслабон/Алексей Пыльная Радуга Румянцев/Алексей Пыльная Радуга Румянцев - Друг.mp3
Mar 14 08:50 : update: added На расслабон/Алексей Пыльная Радуга Румянцев/Алексей Пыльная Радуга Румянцев - Март.mp3
Mar 14 08:50 : update: added На расслабон/Алексей Пыльная Радуга Румянцев/Алексей Пыльная Радуга Румянцев - Цветная.mp3
Mar 14 08:50 : update: added На расслабон/Алексей Пыльная Радуга Румянцев/Алексей Пыльная Радуга Румянцев - Зеркало.mp3
Mar 14 08:50 : update: added На расслабон/Алексей Пыльная Радуга Румянцев/Алексей Пыльная Радуга Румянцев - Музыка.mp3
Mar 14 08:50 : update: added На расслабон/Алексей Пыльная Радуга Румянцев/Алексей Пыльная Радуга Румянцев - Я передумал.mp3
Mar 14 08:50 : update: added На расслабон/Алексей Пыльная Радуга Румянцев/Алексей Пыльная Радуга Румянцев - 3 в 1.mp3
Mar 14 08:50 : update: added На расслабон/Алексей Пыльная Радуга Румянцев/Алексей Пыльная Радуга Румянцев - Земля опл. зимой.mp3
Mar 14 08:50 : update: added На расслабон/Алексей Пыльная Радуга Румянцев/Алексей Пыльная Радуга Румянцев - Волшебный Цветок.mp3
Mar 14 08:50 : update: added На расслабон/Некоторое отсутствие пуговиц - Кинематика.mp3
Mar 14 08:50 : update: added На расслабон/Jackie Chan - Rolling in the deep.mp3
Mar 14 08:50 : update: added На расслабон/Warren Zevon - Keep Me In Your Heart.mp3
Mar 14 08:50 : update: added На расслабон/Dave Matthews Band - You Might Die Trying.mp3
Mar 14 08:50 : update: added На расслабон/Digital Ivan feat. Alexey Ilyin - Pivo na polu.mp3
Mar 14 08:50 : update: added На расслабон/Саранча - Эй, негатив!.mp3
Mar 14 08:50 : update: added На расслабон/Michael John Gordon/Michael John Gordon - Ransacked.mp3
Mar 14 08:50 : update: added На расслабон/Michael John Gordon/Michael John Gordon - 14 Years.mp3
Mar 14 08:50 : update: added На расслабон/Sting - Shape of my heart (OST GTA Vice City).mp3
Mar 14 08:50 : update: added На расслабон/Unknown artist - МЕГА ХИТ!!! Про любовь! Авторская песня! Посвятил девушке песню!!!.mp3
Mar 14 08:50 : update: added На расслабон/Trevor Morris - If I Had a Heart (Fever Ray)(OST Vikings).mp3
Mar 14 08:50 : update: added На расслабон/The XX - Together (zaycev.net).mp3
Mar 14 08:50 : update: added Louis Armstrong/Louis Armstrong - What a wonderful world.mp3
Mar 14 08:50 : update: added Louis Armstrong/Louis Armstrong - Give Me A Kiss To Build A Dream On (OST fallout 2).mp3
Mar 14 08:50 : update: added Louis Armstrong/Louis Armstrong - Let my people go (Отпусти мой народ).mp3
Mar 14 08:50 : update: added Сява/Сява - Оставайся молодым.mp3
Mar 14 08:50 : update: added Сява/рэпер сява я дрочу как хочу.mp3
Mar 14 08:50 : update: added Сява/сява как тёлок трахать.mp3
Mar 14 08:50 : update: added Сява/сява сява отдыхаем хорошо.mp3
Mar 14 08:50 : update: added Сява/рэпер сява не быкуй бык.mp3
Mar 14 08:50 : update: added Дайте танк(!)/Dajte_tank_-_Neuderzhimye_(iPleer.fm).mp3
Mar 14 08:50 : update: added Дайте танк(!)/Dajte_tank_-_Harakteristika_(iPleer.fm).mp3
Mar 14 08:50 : update: added Дайте танк(!)/Dajte_tank_-_Obidy_(iPleer.fm).mp3
Mar 14 08:50 : update: added Дайте танк(!)/Dajte_tank_-_Drug_(iPleer.fm).mp3
Mar 14 08:50 : update: added Дайте танк(!)/Dajte_tank_-_Vualya_(iPleer.fm).mp3
Mar 14 08:50 : update: added Дайте танк(!)/zenmusicorg_Dajjte_tank_-_Letnie_vechera_61885337.mp3
Mar 14 08:50 : update: added Дайте танк(!)/Dajte_tank_-_Veselitsya_(iPleer.fm).mp3
Mar 14 08:50 : update: added Дайте танк(!)/Dajte_tank_-_CHehov_(iPleer.fm).mp3
Mar 14 08:50 : update: added Дайте танк(!)/Dajte_Tank_-_Oplacheno_(iPleer.fm).mp3
Mar 14 08:50 : update: added Дайте танк(!)/Dajte_tank_-_Besy_(iPleer.fm).mp3
Mar 14 08:50 : update: added Дайте танк(!)/Dajte_tank_-_Iskry_(iPleer.fm).mp3
Mar 14 08:50 : update: added Дайте танк(!)/Dajte_tank_-_Utro_(iPleer.fm).mp3
Mar 14 08:50 : update: added /-Morandi  - Save Me.mp3
Mar 14 08:50 : update: added 25-17/25-17 - Волчонок.mp3
Mar 14 08:50 : update: added 25-17/25-17 - Ранен (#NR).mp3
Mar 14 08:50 : update: added 25-17/ГРОТ - 25-17 - АРНИ - Сила Сопротивления (СТАНЬ СИЛЬНЫМ !!).mp3
Mar 14 08:50 : update: added 25-17/25-17 - Девятибально .mp3
Mar 14 08:50 : update: added 25-17/25-17 - Последнииu из нас.mp3
Mar 14 08:50 : update: added 25-17/25-17 (Русский подорожник 2014) - Русский подорожни.mp3
Mar 14 08:50 : update: added 25-17/25-17 - Голова, чтобы думать (2016).mp3
Mar 14 08:50 : update: added Brutto/Brutto - Гири.mp3
Mar 14 08:50 : update: added Brutto/lyapis_trubetskoy_-_printsessa_(zaycev.net).mp3
Mar 14 08:50 : update: added Brutto/Brutto - Гарри.mp3
Mar 14 08:50 : update: added Brutto/BRUTTO - Черный Обелиск.mp3
Mar 14 08:50 : update: added Brutto/BRUTTO - Родны Край.mp3
Mar 14 08:50 : update: added Brutto/BRUTTO - 12 обезьян.mp3
Mar 14 08:50 : update: added Voltaire/Voltaire - Almost Human.mp3
Mar 14 08:50 : update: added Voltaire/Voltaire - Riding A Black Unicorn.....mp3
Mar 14 08:50 : update: added Voltaire/Voltaire - BRAINS!.mp3
Mar 14 08:50 : update: added Voltaire/Voltaire - Death Death (Devil, Devil, Devil, Devil, Evil, Evil, Evil, Evil Song).mp3
Mar 14 08:50 : update: added Voltaire/Voltaire - Day of the Dead.mp3
Mar 14 08:50 : update: added Voltaire/Voltaire - Land Of the Dead.mp3
Mar 14 08:50 : update: added Voltaire/Voltaire - Happy Birthday.mp3
Mar 14 08:50 : update: added Voltaire/Voltaire - Zombie Prostitute.mp3
Mar 14 08:50 : update: added Voltaire/Voltaire - The Headless Waltz.mp3
Mar 14 08:50 : update: added Voltaire/Voltaire - When You Are Evil.mp3
Mar 14 08:50 : update: added Ремиксы и пр/Angry Video Game Nerd Adventures - Future Fuckballs 2010.mp3
Mar 14 08:50 : update: added Ремиксы и пр/June Miller & Mefjus - Saus.mp3
Mar 14 08:50 : update: added Ремиксы и пр/DJ Paul Elstak - Blood Sweat and Hardcore.mp3
Mar 14 08:50 : update: added Ремиксы и пр/DJ Piligrim - Ты меня забудь.mp3
Mar 14 08:50 : update: added Ремиксы и пр/ESTRADARADA - Вите Надо Выйти.mp3
Mar 14 08:50 : update: added Канцлер Ги/Канцлер Ги - Король воздуха.mp3
Mar 14 08:50 : update: added Канцлер Ги/Канцлер Ги - Дикая охота [-].mp3
Mar 14 08:50 : update: added Канцлер Ги/Канцлер Ги - Слёзы  и Кровь .mp3
Mar 14 08:50 : update: added Канцлер Ги/Канцлер Ги - Чезаре Борджа.mp3
Mar 14 08:50 : update: added Imagine Dragons/imagine dragons monster.mp3
Mar 14 08:50 : update: added Imagine Dragons/imagine dragons radioactive.mp3
Mar 14 08:50 : update: added Imagine Dragons/imagine dragons who we are.mp3
Mar 14 08:50 : update: added Imagine Dragons/imagine dragons warriors.mp3
Mar 14 08:50 : update: added Imagine Dragons/imagine dragons round and round.mp3
Mar 14 08:50 : update: added Imagine Dragons/imagine dragons bleeding out.mp3
Mar 14 08:50 : update: added Imagine Dragons/imagine dragons demons.mp3
Mar 14 08:50 : update: added Imagine Dragons/imagine dragons it's time.mp3
Mar 14 08:50 : update: added infected_mushroom/infected_mushroom_presents_the_doors_remixed–riders_on_the_storm_(infected_mushroom_rmx)__________________(н._буркавцов).mp3
Mar 14 08:50 : update: added infected_mushroom/infected_mushroom–04._u_r_so_fucked_(army_of_mushrooms_2012).mp3
Mar 14 08:50 : update: added Wallace Band/Wallace band - Ведьма.mp3
Mar 14 08:50 : update: added Wallace Band/Макс и Мария Нижегородовы (Wallace band) - Танцуй, эльфийский народ (Песни Краснодарских ролевиков).mp3
Mar 14 08:50 : update: added Wallace Band/Wallace band - Бродяга-менестрель.mp3
Mar 14 08:50 : update: added 2rbina 2rista/2rbina_2rista–стальные_яйца.mp3
Mar 14 08:50 : update: added 2rbina 2rista/2rbina_2rista-ба-ба-дук–ba-ba-dook.mp3
Mar 14 08:50 : update: added 2rbina 2rista/2rbina_2rista–листики.mp3
Mar 14 08:50 : update: added 2rbina 2rista/2rbina_2rista–boodoo_people.mp3
Mar 14 08:50 : update: added 2rbina 2rista/2rbina_2rista–фройлян,_которая_разучилась.mp3
Mar 14 08:50 : update: added 2rbina 2rista/2rbina_2rista–наркотестер.mp3
Mar 14 08:50 : update: added 2rbina 2rista/2rbina_2rista–magic!.mp3
Mar 14 08:50 : update: added 2rbina 2rista/2rbina_2rista–деньги_-_шоу.mp3
Mar 14 08:50 : update: added 2rbina 2rista/2rbina_2rista–про_позитив.mp3
Mar 14 08:50 : update: added 2rbina 2rista/тгк+2rbina_2rista–я_люблю_этот_сладкий_туман.mp3
Mar 14 08:50 : update: added 2rbina 2rista/2rbina_2rista–черепаший_суп.mp3
Mar 14 08:50 : update: added 2rbina 2rista/2rbina_2rista–саша_грэй,сашу_грей.mp3
Mar 14 08:50 : update: added 2rbina 2rista/2rbina_2rista–чем_пахнут_мужчины_(men's_health).mp3
Mar 14 08:50 : update: added 2rbina 2rista/2rbina_2rista–намана.mp3
Mar 14 08:50 : update: added 2rbina 2rista/2rbina_2rista–бруталити_(без_цензуры).mp3
Mar 14 08:50 : update: added 2rbina 2rista/2rbina_2rista–сицилия.mp3
Mar 14 08:50 : update: added 2rbina 2rista/2rbina_2rista–паразиты.mp3
Mar 14 08:50 : update: added 2rbina 2rista/2rbina_2rista–барон_суббота.mp3
Mar 14 08:50 : update: added 2rbina 2rista/2rbina_2rista–ангел_и_тварь.mp3
Mar 14 08:50 : update: added Игорь Растеряев/Игорь Корнелюк - Подожди дожди....mp3
Mar 14 08:50 : update: added Игорь Растеряев/Игорь Растеряев - Ермак.mp3
Mar 14 08:50 : update: added Игорь Растеряев/Игорь Растеряев - Мозгодротки.mp3
Mar 14 08:50 : update: added Игорь Растеряев/Игорь Растеряев - Дальнобойная.mp3
Mar 14 08:50 : update: added Игорь Растеряев/Игорь Растеряев - Комбайнеры.mp3
Mar 14 09:00 : player: played "Nevid'/Nevid' - Rassvet Zaratustry.mp3"
Mar 14 09:03 : player: played "Imagine Dragons/imagine dragons demons.mp3"
Mar 14 09:06 : player: played "RASPUTNIKI/RASPUTNIKI - Get Drunk.mp3"
